46.41
34.03
29.84
26.62
26.93
24.91
25.08
22.68
20.98
23.59
21.76
19.11
18.26
18.07
17.57
16.01
15.31
16.84
14.87
14.92
14.37
14.56
14.01
13.76
14.31
14.43
12.33
11.58
11.74
10.88
10.33
10.60
10.28
9.96
11.83
9.89
9.53
8.50
9.37
9.69
8.48
9.00
8.66
8.74
7.36
7.69
7.99
7.32
8.61
7.54
6.18
6.07
6.08
8.54
7.75
7.75
6.59
6.58
6.15
6.40
5.81
7.32
6.45
5.22
5.58
6.47
5.18
4.86
4.27
4.41
4.57
4.75
4.38
4.25
4.53
4.56
4.26
3.97
4.64
5.00
4.52
3.70
3.36
3.85
3.87
3.48
3.27
4.08
3.34
3.61
3.55
3.63
3.24
4.59
2.75
3.84
3.15
4.00
3.39
3.54
3.22
3.36
2.96
2.72
2.95
2.45
3.19
2.54
3.76
2.79
3.16
2.24
2.12
2.85
2.29
2.77
2.01
2.41
2.07
2.33
1.98
2.43
1.86
2.57
2.00
2.11
1.70
2.25
2.59
2.50
2.14
2.38
2.63
2.21
1.95
1.91
1.51
1.60
2.46
1.69
1.53
2.13
1.80
1.35
1.41
1.53
1.42
1.94
1.46
1.39
1.57
1.73
1.95
1.41
1.31
1.42
1.72
1.54
1.28
1.70
1.46
1.39
2.13
1.13
1.22
1.12
1.36
1.43
1.71
1.12
1.36
1.14
1.28
1.31
1.18
1.28
1.16
1.23
1.38
1.15
1.09
1.05
1.08
1.25
1.07
1.09
1.01
1.47
1.30
1.56
1.14
1.01
0.97
0.99
1.22
1.06
1.21
0.91
0.86
1.08
0.97
0.83
0.78
1.02
1.02
0.73
0.79
0.83
0.88
0.91
0.99
0.74
1.15
0.64
1.29
2.56
1.10
0.98
0.96
1.09
0.86
0.72
0.88
0.85
0.86
0.80
0.70
0.73
0.78
0.79
0.86
0.90
0.72
0.63
0.52
0.77
0.74
0.75
0.57
0.78
0.73
0.74
0.63
0.75
0.90
0.72
0.63
0.90
0.89
0.80
0.67
0.66
0.75
0.73
0.67
1.66
1.49
0.83
0.78
0.67
0.65
0.63
0.74
1.16
0.85
0.65
0.51
0.51
0.49
0.41
0.68
0.67
1.22
0.55
0.65
0.62
0.80
0.52
0.56
0.51
0.46
0.50
0.51
0.57
0.44
0.51
0.56
0.44
0.47
0.48
0.40
0.67
0.45
0.78
0.83
0.55
0.63
0.46
0.50
0.79
1.01
0.71
0.57
0.51
0.44
0.54
0.59
0.43
0.38
0.36
0.44
0.42
0.43
0.47
0.51
0.44
0.44
0.42
0.34
0.52
0.63
0.57
0.50
0.97
0.46
0.79
0.68
0.66
0.40
0.51
0.46
0.46
0.43
0.59
0.39
0.51
0.40
0.34
0.68
0.51
0.39
0.26
0.36
0.34
0.41
0.48
0.49
0.67
1.07
0.92
0.71
0.38
0.40
0.57
0.33
0.31
0.43
0.37
0.36
0.52
0.35
0.35
0.26
0.37
0.28
0.37
0.37
0.29
0.46
0.37
0.42
0.44
0.36
0.28
0.30
0.38
0.31
0.41
0.36
0.38
0.37
0.34
0.28
0.26
0.29
0.36
0.39
0.55
0.39
0.30
0.41
0.44
0.26
0.32
0.24
0.16
0.23
0.23
0.28
0.29
0.33
0.33
0.41
0.67
0.34
0.36
0.29
0.36
0.31
0.27
0.30
0.55
0.35
0.33
0.32
0.17
0.25
0.23
0.20
0.41
0.30
0.25
0.43
0.28
0.36
0.28
0.21
0.23
0.20
0.38
0.24
0.28
0.15
0.31
0.39
0.21
0.39
0.26
0.39
0.20
0.25
0.36
0.30
0.31
0.43
0.26
0.24
0.24
0.16
0.34
0.40
0.20
0.26
0.24
0.24
0.24
0.27
0.28
0.22
0.33
0.18
0.28
0.15
0.28
0.27
0.28
0.42
0.20
0.24
0.24
0.22
0.42
0.30
0.24
0.23
0.28
0.22
0.29
0.35
0.22
0.28
0.19
0.55
0.27
0.27
0.28
0.38
0.16
0.20
0.28
0.26
0.17
0.15
0.24
0.91
0.31
0.24
0.88
1.24
0.29
