76.90
69.11
66.74
64.87
62.24
60.89
59.71
59.90
57.48
57.66
56.52
55.25
54.30
53.55
53.07
52.51
51.61
51.73
52.30
50.73
49.73
48.44
48.12
47.33
47.47
46.32
46.39
45.84
44.64
45.27
44.29
42.90
43.71
42.45
41.50
41.21
41.84
40.90
40.34
40.11
39.95
39.68
39.42
38.45
38.74
37.92
37.54
37.92
37.24
37.14
36.17
35.84
36.39
36.05
36.31
35.16
36.07
34.23
34.10
34.09
33.51
33.75
34.32
33.58
32.65
32.88
32.52
32.58
31.96
32.11
31.92
31.47
31.27
31.89
30.94
30.93
30.09
30.79
30.23
31.16
29.80
29.28
29.96
30.39
29.42
29.09
29.72
28.39
28.38
28.07
28.38
28.21
28.84
27.51
28.38
27.74
27.11
27.62
27.37
26.64
26.77
26.97
26.10
26.44
26.53
26.12
26.27
26.18
25.18
26.37
25.40
25.67
25.42
25.40
24.88
24.83
24.44
24.74
24.79
24.77
25.43
24.50
24.43
24.48
23.37
24.07
23.88
23.76
23.53
24.19
23.62
22.87
22.75
23.10
23.08
22.95
22.30
22.85
22.35
22.35
22.31
22.33
22.98
22.00
21.46
22.05
22.00
21.82
22.18
21.91
21.73
22.21
21.37
21.47
21.27
21.08
21.06
21.21
21.26
20.90
20.77
20.43
20.76
20.12
20.18
20.71
20.43
20.16
20.37
19.97
19.97
19.64
19.53
20.25
20.31
20.05
19.20
20.17
19.20
19.68
19.33
19.03
19.09
19.06
19.26
19.17
19.58
19.05
19.42
18.63
18.70
18.93
18.31
18.61
19.21
18.66
18.34
18.52
18.64
17.90
17.83
17.96
17.69
18.24
18.26
18.45
18.11
17.84
17.93
17.99
17.78
17.72
17.64
18.01
17.64
17.77
17.23
17.35
16.59
17.30
17.27
16.92
17.04
16.55
17.94
16.53
16.97
