46.09
30.84
27.56
25.12
23.38
21.37
20.52
19.56
18.99
18.59
17.88
16.99
16.42
15.98
15.27
14.76
13.78
13.64
13.04
12.91
12.49
11.88
11.56
11.74
11.40
10.72
11.06
10.30
10.22
9.88
9.12
9.18
8.78
9.00
8.52
8.12
7.98
7.89
7.25
7.46
7.54
7.41
7.24
6.57
5.99
6.94
6.23
6.05
5.57
6.09
6.13
6.24
5.39
5.64
5.76
5.53
5.44
5.03
4.70
4.61
5.23
4.95
4.58
4.92
4.73
5.78
4.60
4.22
4.19
4.60
3.92
4.24
3.86
3.77
3.97
3.69
3.96
3.54
3.86
3.44
3.25
3.18
2.53
2.66
2.62
2.62
2.39
2.71
2.42
2.38
2.59
2.38
2.56
2.47
2.54
2.57
2.54
2.47
2.43
2.53
2.39
2.39
2.46
2.48
2.33
2.38
2.62
2.54
2.39
2.41
2.27
2.37
2.30
2.41
2.12
2.23
2.23
2.35
2.26
2.37
2.24
2.33
2.24
2.35
2.35
2.37
2.32
2.35
2.25
2.39
2.42
2.39
2.21
2.15
2.21
2.16
2.10
2.25
2.25
2.28
2.30
2.25
2.25
2.12
2.20
2.14
2.22
2.15
2.19
2.25
2.22
2.19
2.22
2.14
2.20
2.15
2.28
2.25
2.05
2.10
2.09
2.32
2.13
2.22
2.13
2.33
2.25
2.18
2.17
2.34
2.22
2.33
2.29
2.24
2.08
2.06
2.19
2.16
2.12
2.20
2.15
2.11
2.29
2.26
2.14
2.19
2.28
2.12
2.13
2.30
2.25
2.25
2.29
2.30
