54.23
43.09
38.10
34.61
34.25
31.08
32.49
30.41
27.55
26.77
25.82
25.11
22.68
22.47
21.62
22.17
20.93
17.63
18.96
17.31
18.26
16.41
16.10
15.04
14.73
14.63
16.22
13.52
13.81
14.84
14.44
12.46
11.73
11.59
13.04
11.33
11.61
11.87
11.22
10.02
10.03
10.06
10.49
11.20
9.25
10.77
9.68
8.82
9.21
9.50
8.58
8.90
8.90
9.31
8.08
8.38
8.68
10.73
8.08
9.28
7.37
7.58
6.91
7.83
8.50
7.45
6.86
6.82
6.71
9.17
8.08
5.82
6.31
6.05
6.19
7.49
6.08
6.00
6.39
6.40
5.26
6.10
5.62
5.16
6.35
4.98
6.56
5.64
5.13
5.44
5.15
5.90
5.93
7.09
5.09
5.06
4.34
4.24
5.43
5.16
4.60
4.51
5.37
5.47
4.30
3.74
4.14
4.26
3.86
3.63
3.72
4.85
4.06
3.43
3.85
3.46
3.12
4.12
3.57
3.01
4.10
3.67
3.92
3.85
4.05
3.12
4.49
2.78
3.32
3.28
3.08
3.95
4.27
3.46
2.99
2.65
3.07
3.00
2.32
2.76
2.87
2.54
2.90
2.92
2.34
3.24
2.99
2.47
3.24
2.93
3.43
3.50
2.51
2.59
1.84
2.09
2.68
2.85
10.44
6.31
2.57
2.54
2.33
2.18
2.12
2.32
2.44
2.06
1.84
2.08
2.23
2.15
1.94
2.05
2.29
1.76
1.81
1.56
1.88
2.33
1.77
2.33
2.29
2.15
1.81
1.41
1.76
1.98
1.81
2.73
1.72
1.40
2.08
2.13
1.70
1.46
1.70
1.91
1.80
1.95
1.90
1.55
2.04
1.72
1.56
1.45
1.79
1.40
2.01
2.48
1.51
1.31
1.42
1.35
1.20
1.34
1.41
1.28
1.45
1.33
1.24
1.40
1.31
0.92
0.86
1.21
1.30
0.93
0.91
1.28
1.02
1.12
1.34
1.20
1.28
1.33
1.21
1.10
1.13
0.86
1.06
1.13
1.51
1.24
0.92
1.51
1.12
0.98
0.98
1.51
0.81
0.91
1.07
0.96
0.86
0.92
1.13
0.98
0.88
0.92
0.64
0.49
1.21
0.86
1.35
1.09
0.89
0.77
1.03
0.80
0.78
1.05
0.93
1.16
0.78
0.71
0.86
0.77
0.82
1.45
4.35
1.90
0.91
0.98
0.98
1.07
0.88
0.93
0.96
0.66
0.85
0.54
0.71
1.09
0.96
0.81
1.17
1.09
0.71
0.91
0.64
0.53
0.84
0.68
0.52
0.80
0.85
1.05
1.33
1.21
0.80
0.68
0.63
0.80
0.60
0.96
0.73
0.74
0.88
0.63
0.70
1.31
0.57
0.96
0.77
0.56
0.59
0.47
1.06
0.89
0.74
0.92
1.34
1.37
0.56
0.53
0.47
0.56
0.54
0.52
0.63
0.59
0.42
0.60
0.49
0.46
0.49
0.53
0.39
0.49
1.00
2.57
0.75
0.71
0.88
0.70
0.57
0.47
0.53
0.42
0.70
0.68
0.63
0.52
0.35
0.45
1.21
0.73
0.53
0.42
0.42
0.45
0.60
0.38
0.52
0.42
0.47
0.49
0.56
0.47
0.66
0.47
0.71
0.61
0.63
1.17
0.53
0.33
0.31
0.36
0.66
0.73
0.40
0.39
0.36
0.35
0.39
0.39
0.45
0.35
0.36
0.17
0.35
1.19
0.77
0.33
0.68
0.36
0.53
0.50
0.35
0.57
0.52
0.57
0.66
0.49
0.35
0.49
0.49
0.96
0.61
0.59
0.57
0.56
0.45
0.54
0.84
1.27
0.80
0.57
0.78
0.36
0.43
0.35
0.29
0.42
0.42
0.18
0.33
0.40
0.28
0.36
0.32
0.36
0.31
0.39
0.52
0.29
0.35
0.22
0.35
0.39
0.20
0.28
0.59
0.35
0.36
0.40
0.50
0.31
0.22
0.27
0.36
0.29
0.28
0.21
0.29
0.33
0.33
0.36
0.39
0.43
0.28
0.40
0.24
0.35
0.27
0.22
0.40
0.27
0.21
0.28
0.25
0.31
0.31
0.31
0.25
0.32
0.31
0.57
0.77
0.28
0.29
0.31
0.24
0.32
0.24
0.33
0.31
0.36
0.28
0.17
0.22
0.24
0.13
0.15
0.11
0.13
0.14
0.13
0.14
0.08
0.15
0.22
0.22
0.25
0.14
0.15
0.20
0.15
0.14
0.20
0.14
0.20
0.08
0.13
0.24
0.15
0.17
0.10
0.17
0.13
0.21
0.15
0.17
0.08
0.14
0.20
0.10
0.22
0.15
0.15
0.18
0.14
0.22
0.17
0.21
0.17
0.11
0.17
0.14
0.17
0.20
0.22
0.13
0.21
0.17
0.15
0.11
0.13
0.20
0.25
0.22
0.17
0.27
0.18
0.10
0.14
0.17
0.13
0.10
0.06
0.17
0.14
0.10
0.29
0.20
0.17
0.18
0.21
0.18
0.11
0.20
0.17
0.15
0.18
0.14
0.13
0.08
0.18
0.18
0.21
0.17
0.21
0.18
0.17
0.20
0.10
0.21
0.15
0.15
0.15
0.14
0.17
0.25
0.18
0.17
0.18
0.13
0.15
0.17
0.21
0.21
0.14
0.25
0.14
0.14
0.24
0.11
0.20
0.18
0.25
0.08
0.13
0.15
0.15
0.20
0.15
0.21
0.15
0.14
0.15
0.15
0.15
0.31
0.18
0.21
0.21
0.17
0.13
0.15
0.17
0.17
0.11
0.27
0.14
0.17
0.22
0.11
0.14
0.20
0.24
0.20
0.18
0.06
0.17
0.18
0.10
0.07
0.10
0.27
0.20
0.08
0.11
0.20
0.13
0.15
0.10
0.15
0.20
0.11
0.18
0.17
0.22
0.17
0.18
0.11
0.13
0.07
0.20
0.14
0.13
0.18
0.13
0.18
0.04
0.15
0.21
0.11
0.15
0.17
0.18
0.21
0.14
0.17
0.11
0.14
0.17
0.20
0.13
0.15
0.10
0.18
0.11
0.11
0.14
0.24
0.11
0.15
0.14
0.14
0.07
0.07
0.10
0.21
0.18
0.14
0.15
0.13
0.15
0.11
0.17
0.15
0.18
0.14
0.10
0.15
0.22
0.14
0.14
0.15
0.18
0.21
0.17
0.14
0.13
0.13
0.18
0.11
0.20
0.13
0.06
0.08
0.11
0.17
0.15
0.13
0.11
0.22
0.14
0.17
0.11
0.20
0.11
0.14
0.11
0.13
0.15
0.15
0.17
0.15
0.20
0.15
0.17
0.14
0.04
0.14
0.18
0.08
0.11
0.11
0.20
0.07
0.14
0.15
0.18
0.11
0.15
0.11
0.14
0.20
0.14
0.13
0.18
0.18
0.14
0.22
0.24
0.07
0.11
0.20
0.15
0.11
0.13
0.14
0.15
0.08
0.14
0.10
0.21
0.13
0.17
0.22
0.13
0.20
0.14
0.15
0.20
0.15
0.11
0.15
0.15
0.11
0.17
0.21
0.13
0.14
0.11
0.17
0.15
0.14
0.13
0.10
0.11
0.20
0.11
0.13
0.04
0.14
0.13
0.13
0.18
0.18
0.17
0.15
0.18
0.15
0.15
0.17
0.18
0.07
0.11
0.10
0.10
0.20
0.11
0.21
0.13
0.14
0.08
0.17
0.17
0.11
0.11
0.17
0.10
0.10
0.15
0.13
0.14
0.28
0.11
0.21
0.13
0.10
0.14
0.21
0.17
0.14
0.22
0.13
0.15
0.08
0.15
0.14
0.10
0.14
0.13
0.18
0.11
0.13
0.04
0.10
0.13
0.13
0.17
0.15
0.15
0.14
0.10
0.17
0.07
0.20
0.13
0.11
0.15
0.13
0.15
0.18
0.17
0.13
0.14
0.08
0.14
0.11
0.10
0.11
0.14
0.10
0.11
0.10
0.14
0.17
0.14
0.08
0.15
0.14
0.13
0.11
0.14
0.18
0.18
0.11
0.22
0.17
0.10
0.14
0.24
0.17
0.07
0.25
0.11
0.10
0.15
0.18
0.18
0.10
0.11
0.10
0.11
0.07
0.04
0.13
0.21
0.17
0.10
0.20
0.21
0.20
0.14
0.14
0.08
0.24
0.20
0.08
0.08
0.11
0.22
0.20
0.18
0.10
0.15
0.11
0.11
0.13
0.14
0.14
0.10
0.03
0.11
0.08
0.08
0.13
0.18
0.15
0.08
0.07
0.11
0.21
0.20
0.14
0.11
0.10
0.13
0.18
0.11
0.11
0.13
0.14
0.17
0.11
0.14
0.10
0.17
0.18
0.10
0.20
0.14
0.08
0.07
0.15
0.13
0.14
0.08
0.11
0.06
0.13
0.06
0.13
0.06
0.11
0.20
0.11
0.17
0.15
0.13
0.14
0.10
0.17
0.14
0.14
0.18
0.10
0.13
0.10
0.13
0.11
0.14
0.13
0.18
0.13
0.10
0.14
0.18
0.18
0.15
0.29
0.18
0.08
0.21
0.08
0.08
0.04
0.11
0.11
0.15
0.11
0.13
0.14
0.20
0.14
0.20
0.21
0.07
0.10
0.10
0.21
0.15
0.22
0.07
0.10
0.14
0.13
0.20
0.10
0.15
0.20
0.07
0.17
0.08
0.13
0.10
0.13
0.15
0.10
0.18
0.14
0.15
0.20
0.07
0.18
0.07
0.14
0.10
0.14
0.20
0.25
0.10
0.17
0.10
0.14
0.08
0.18
0.11
0.20
0.17
0.11
0.14
0.20
0.13
0.13
0.11
0.11
0.04
0.11
0.11
0.14
0.15
0.17
0.13
0.15
0.10
0.08
0.15
0.18
0.15
0.15
0.13
0.17
0.15
0.07
0.13
0.08
0.15
0.11
0.08
0.13
0.13
0.15
0.18
0.17
0.17
0.07
0.10
0.10
0.08
0.07
0.13
0.17
0.08
0.08
0.08
0.13
0.15
0.11
0.13
0.06
0.17
0.10
0.15
0.10
0.15
0.13
0.13
0.21
0.18
0.06
0.13
0.14
0.11
0.21
0.14
0.13
0.10
0.22
0.14
0.13
0.11
0.20
0.11
0.22
0.10
0.14
0.14
0.17
0.06
0.14
0.13
0.10
0.13
0.24
0.14
0.17
0.15
0.14
0.15
0.11
0.07
0.14
0.11
0.15
0.10
0.14
0.08
0.11
0.10
0.14
0.11
0.18
0.11
0.13
0.08
0.14
0.21
0.18
0.17
0.15
0.15
0.15
0.14
0.15
0.14
0.11
0.17
0.15
0.17
0.13
0.29
0.21
0.15
0.17
0.15
0.08
0.04
0.13
0.13
0.17
0.08
0.13
0.18
0.14
0.24
0.11
0.27
0.08
0.17
0.15
0.15
0.15
0.10
0.10
0.11
0.15
0.13
0.14
0.07
0.25
0.15
0.10
0.10
0.07
0.06
0.14
0.17
0.08
0.13
0.15
0.11
0.04
0.11
0.13
0.11
0.13
0.14
0.13
0.11
0.14
0.15
0.07
0.21
0.08
0.20
0.08
0.15
0.11
0.14
0.15
0.20
0.11
0.11
0.10
0.17
0.14
0.07
0.13
0.11
0.17
0.14
0.17
0.08
0.14
0.15
0.08
0.14
0.10
0.13
0.17
0.17
0.13
0.17
0.18
0.17
0.13
0.10
0.17
0.08
0.11
0.20
0.20
0.20
0.08
0.17
0.17
0.08
0.17
0.25
0.11
0.11
0.07
0.15
0.15
0.08
0.18
0.14
0.17
0.10
0.14
0.18
0.18
0.14
0.14
0.24
0.21
0.14
0.10
0.11
0.14
0.10
0.10
0.13
0.11
0.17
0.08
0.10
0.10
0.13
0.13
0.14
0.25
0.13
0.07
0.15
0.14
0.13
0.08
0.08
0.15
0.18
0.11
0.06
0.25
0.17
0.14
0.06
0.06
0.15
0.13
0.13
0.10
0.18
0.14
0.14
0.10
0.07
0.08
0.06
0.17
0.11
0.11
0.10
0.13
0.11
0.07
0.14
0.13
0.13
0.14
0.11
0.13
0.11
0.13
0.13
0.07
0.11
0.14
0.08
0.15
0.13
0.10
0.14
0.14
0.18
0.11
0.14
0.10
0.10
0.08
0.15
0.14
0.14
0.20
0.15
0.07
0.07
0.11
0.14
0.11
0.15
0.10
0.17
0.11
0.11
0.13
0.08
0.13
0.14
0.13
0.17
0.14
0.13
0.06
0.17
0.15
0.15
0.13
0.08
0.11
0.13
0.15
0.10
0.04
0.11
0.15
0.04
0.07
0.10
0.08
0.07
0.20
0.10
0.15
0.10
0.14
0.11
0.13
0.15
0.17
0.14
0.08
0.13
0.20
0.10
0.11
0.08
0.13
0.10
0.13
0.11
0.10
0.08
0.14
0.08
0.07
0.14
0.13
0.20
0.14
0.06
0.13
0.08
0.11
0.11
0.10
0.03
0.15
0.14
0.13
0.11
0.15
0.11
0.06
0.15
0.11
0.14
0.14
0.08
0.17
0.17
0.21
0.17
