79.73
80.01
76.52
75.10
70.57
67.13
64.01
61.85
58.67
56.55
53.28
52.35
49.70
48.29
45.78
44.73
44.95
42.23
42.07
41.13
39.28
39.38
37.78
37.37
36.67
35.84
35.60
35.19
34.21
34.01
33.42
33.45
33.06
32.36
31.44
31.26
31.25
30.74
30.52
29.28
29.36
30.38
29.22
28.76
29.28
28.35
27.77
27.32
27.73
27.03
27.15
27.20
26.50
26.52
26.27
25.97
25.41
25.02
24.74
24.69
25.36
24.32
24.63
24.66
24.20
23.38
24.08
23.47
23.75
23.80
23.18
23.31
23.58
23.04
23.22
22.95
22.65
22.14
22.53
22.15
22.12
21.99
21.62
21.82
21.46
21.81
21.45
21.54
21.44
20.86
20.99
21.02
20.97
20.76
20.32
20.45
20.78
20.81
19.99
20.37
19.10
19.69
19.71
19.09
19.41
19.06
19.21
18.71
18.70
18.77
18.36
18.61
18.16
17.93
18.22
17.87
18.56
17.38
17.25
16.89
16.58
17.11
16.09
16.42
15.81
15.74
15.65
15.74
15.98
15.75
15.62
15.97
14.94
15.52
14.48
14.23
14.48
14.54
14.86
13.69
14.26
13.82
14.13
13.58
14.01
13.55
13.32
13.49
13.06
13.40
13.10
12.68
13.14
12.89
12.66
12.64
11.79
11.79
12.55
11.80
11.62
11.72
11.34
11.52
11.49
11.22
11.44
11.56
11.15
10.65
10.69
10.67
10.70
10.53
10.50
10.80
10.37
10.28
10.16
9.98
10.41
10.57
10.24
9.80
10.16
9.90
9.35
9.59
9.40
9.43
9.32
8.83
8.58
8.95
9.07
8.92
9.22
9.00
8.60
8.94
9.21
8.38
8.31
8.15
8.28
8.24
7.96
8.22
8.14
7.74
7.50
7.67
7.94
8.13
7.60
7.44
7.53
6.99
7.13
7.62
7.48
7.16
6.90
7.37
7.61
7.16
7.04
6.67
7.06
6.76
6.79
7.19
6.87
6.53
6.35
6.56
6.73
6.87
6.15
6.57
6.11
6.51
6.10
6.14
5.93
5.77
6.23
5.97
6.46
5.84
5.83
6.00
6.06
5.98
6.00
5.64
5.57
5.77
5.60
5.43
5.67
5.56
5.43
5.77
5.35
5.44
5.60
5.75
5.27
5.19
5.13
5.21
5.22
5.10
5.26
4.92
5.37
4.74
5.10
5.00
5.01
4.79
4.93
5.23
5.10
4.78
5.03
4.79
4.50
4.56
4.48
4.80
4.74
4.64
4.67
4.80
4.66
4.43
4.63
4.32
4.54
4.45
4.24
4.52
4.40
4.20
4.01
4.43
3.98
4.27
4.23
3.77
4.28
4.35
3.91
4.15
3.98
4.02
4.27
3.98
4.03
3.90
3.63
3.83
3.71
3.65
3.57
3.74
3.74
3.46
3.91
3.92
3.91
3.79
3.65
3.63
3.68
3.47
3.59
3.41
3.56
3.45
3.83
3.67
3.42
3.66
3.71
3.49
3.50
3.31
3.35
3.25
3.33
3.53
3.38
3.29
3.12
3.07
3.30
3.31
3.12
3.39
3.70
3.24
3.05
3.30
3.12
3.02
3.08
3.39
3.15
2.91
3.18
3.09
2.96
3.26
3.34
3.26
3.00
3.20
3.18
3.03
2.95
2.82
2.93
3.00
3.03
2.83
2.95
2.84
2.69
2.90
2.95
3.02
2.83
2.86
2.57
2.84
2.98
2.79
3.00
2.87
2.62
2.90
2.71
2.49
3.17
2.81
2.60
2.67
2.78
2.51
2.88
2.97
2.81
2.69
2.55
2.97
2.89
2.84
2.63
2.58
2.32
2.35
2.52
2.46
2.55
2.48
2.37
2.48
2.58
2.52
2.38
2.44
2.44
2.14
2.21
2.32
2.59
2.45
2.30
2.35
2.18
2.20
2.33
2.33
2.30
2.41
2.39
2.11
2.27
2.42
2.15
2.10
2.05
2.21
2.34
2.55
2.13
2.31
2.27
2.27
2.26
2.19
2.23
2.02
2.25
2.20
2.29
2.17
2.18
2.31
2.33
2.09
2.19
1.95
2.31
2.04
2.27
2.16
2.17
2.20
2.13
2.04
1.98
2.12
1.98
2.10
2.03
1.92
2.05
1.81
1.99
2.04
1.96
2.16
2.18
1.94
1.95
2.04
