79.74
79.98
79.91
79.96
79.97
79.97
80.16
80.35
80.11
80.13
80.67
80.30
80.22
80.43
79.96
80.32
80.27
80.34
80.31
80.22
80.19
80.29
80.21
80.19
80.23
80.40
80.23
80.35
80.30
80.01
80.44
80.33
80.29
80.49
80.58
80.31
80.32
80.26
80.42
80.06
80.40
80.25
80.09
80.17
80.37
80.32
80.15
80.53
80.54
80.20
80.44
80.07
79.95
80.53
80.12
80.30
80.23
80.00
80.27
80.03
80.52
79.95
80.21
80.58
80.67
80.22
80.27
80.31
80.14
80.18
80.02
80.34
80.30
80.30
80.24
80.29
80.42
80.24
80.20
80.12
80.37
80.52
79.98
80.16
80.29
80.31
80.32
80.13
80.10
80.19
80.32
80.04
80.37
79.91
80.03
80.30
80.11
80.10
80.23
80.17
80.40
80.20
80.28
80.64
80.69
80.33
80.12
80.39
80.08
80.49
80.28
80.37
80.33
80.27
80.60
80.03
80.36
80.19
80.32
80.13
80.01
80.47
80.22
80.27
80.01
80.14
80.42
80.23
80.74
80.17
80.16
80.43
79.95
80.37
80.17
80.31
80.27
80.06
80.56
80.15
80.16
80.19
80.07
80.32
80.45
80.12
80.39
80.17
80.00
80.07
80.04
80.49
80.20
80.25
79.97
80.07
80.21
80.32
80.02
80.60
80.29
80.25
80.70
80.26
80.04
80.56
80.18
80.30
80.19
80.23
79.93
80.20
80.21
80.40
80.39
80.65
80.05
80.47
80.45
80.61
80.22
80.30
80.20
79.90
80.12
80.52
80.33
80.12
79.92
79.88
79.92
79.70
79.33
78.49
78.53
76.41
75.31
73.33
71.55
67.90
66.19
64.83
63.30
63.36
63.73
62.78
62.37
62.32
62.01
61.47
61.27
59.19
56.02
55.50
56.43
54.43
53.39
52.67
52.15
50.80
50.01
49.17
49.13
48.16
48.84
47.63
46.73
46.81
46.55
45.95
45.18
45.11
44.78
43.90
44.19
43.29
44.14
43.25
42.45
41.92
41.66
41.32
41.00
40.39
39.99
40.91
39.88
39.24
39.38
38.74
38.60
38.20
37.85
38.21
37.63
38.06
37.81
37.20
37.18
37.07
36.04
36.40
36.13
35.41
35.21
34.63
34.07
34.30
33.82
34.14
33.06
32.36
32.57
32.43
31.08
32.12
31.67
30.84
30.96
30.92
30.25
30.24
29.94
29.94
29.41
29.09
27.87
27.74
27.80
27.58
27.46
27.64
26.11
25.08
25.44
25.61
25.26
25.44
24.60
24.28
23.65
23.26
23.92
22.96
23.47
22.43
22.34
22.03
22.01
21.46
21.20
21.33
20.95
20.76
20.78
20.29
20.65
20.44
19.86
19.34
19.65
19.70
18.80
18.97
18.76
18.24
18.51
18.21
17.72
17.89
17.45
17.54
18.30
17.27
17.47
17.41
16.76
17.22
16.82
16.20
15.97
16.02
15.51
15.51
15.39
15.57
15.76
15.18
14.51
15.33
15.22
14.63
13.99
14.63
14.07
13.97
13.74
13.51
13.37
13.68
13.20
13.47
13.33
13.23
12.83
12.75
13.03
13.06
12.68
12.53
13.20
12.25
11.97
12.20
11.71
11.91
11.92
11.64
11.78
11.26
11.14
11.34
11.23
11.02
10.78
10.96
10.75
11.44
10.62
10.56
11.10
10.62
10.19
10.10
10.65
10.05
9.81
9.95
9.67
9.68
9.55
9.93
9.58
9.95
9.53
9.40
9.11
9.39
9.06
9.19
9.04
8.63
8.60
8.55
8.90
8.46
8.61
8.25
8.46
8.41
8.23
8.38
7.87
8.18
7.95
7.85
8.01
7.93
8.14
7.62
7.66
7.64
8.14
7.29
7.40
7.14
7.12
7.13
7.04
7.00
7.37
6.97
7.63
7.10
6.89
6.99
7.06
6.81
6.99
6.67
6.83
6.46
6.65
6.34
6.59
6.48
6.48
6.14
6.59
6.31
5.98
6.67
6.07
6.04
5.54
6.09
6.15
6.06
6.09
5.94
5.73
5.83
5.87
5.67
5.60
6.13
5.32
5.50
5.70
5.72
5.55
5.43
5.75
5.02
5.25
5.00
5.12
5.34
5.38
5.13
