64.63
53.10
48.67
45.92
42.38
42.42
38.52
35.98
35.33
32.23
31.58
30.60
28.58
27.75
26.31
25.05
24.14
23.75
24.79
24.70
21.39
21.15
22.03
21.01
19.67
19.16
19.03
17.69
18.14
16.61
16.83
17.57
16.63
16.45
15.68
15.81
15.03
13.50
13.42
13.37
12.94
12.97
11.83
12.62
11.63
11.81
11.41
12.16
11.29
11.39
10.35
10.90
10.16
9.88
9.60
11.23
9.82
9.81
11.29
8.48
8.78
8.40
8.57
8.73
7.66
7.80
7.18
7.39
7.08
7.10
7.05
6.90
6.84
7.58
6.28
6.15
7.03
6.70
5.97
5.63
6.28
5.75
6.21
5.19
5.70
5.45
5.91
6.24
5.08
5.19
5.18
4.64
4.47
4.84
4.79
4.45
4.59
4.63
4.27
3.91
5.15
3.47
3.43
3.33
3.30
3.28
3.31
3.06
3.10
3.02
3.35
3.28
3.26
3.34
3.18
3.33
3.13
3.13
3.30
3.08
3.35
2.97
3.36
3.14
3.04
3.16
3.10
3.31
3.04
3.14
3.32
3.13
3.38
3.07
3.04
3.19
2.96
3.03
3.01
3.21
3.04
2.90
3.12
3.15
3.00
2.93
3.13
2.98
3.12
2.92
2.93
3.03
3.02
2.97
2.99
2.92
2.97
2.78
3.15
2.80
2.96
2.93
2.81
3.07
2.82
3.06
2.72
2.75
2.81
2.86
2.89
2.88
2.97
2.81
2.85
2.96
2.99
2.75
2.88
2.65
2.70
2.90
2.74
2.71
2.77
2.90
2.87
3.06
2.83
2.89
2.88
2.85
2.74
2.65
2.67
2.71
2.93
2.79
2.85
2.65
2.82
2.57
2.60
2.56
2.62
2.85
2.66
2.72
2.57
2.69
2.62
2.67
2.67
2.76
2.69
2.86
2.67
2.48
2.68
2.73
2.66
2.67
2.57
2.85
2.87
2.71
2.72
2.52
2.64
2.70
2.66
2.59
2.71
2.65
2.84
2.71
2.81
2.68
2.67
2.83
2.76
2.61
2.97
2.80
2.65
2.59
2.69
2.82
2.56
2.52
2.66
2.66
2.51
2.57
2.66
2.57
2.76
2.60
2.76
2.50
2.68
2.59
2.73
2.42
2.86
2.58
2.69
2.62
2.58
2.51
2.47
2.73
2.76
2.52
2.51
2.61
2.71
2.61
2.53
2.58
2.68
2.73
2.50
2.65
2.57
2.51
2.69
2.75
2.50
2.51
2.66
2.57
2.71
2.52
2.62
2.50
2.54
2.62
2.52
2.60
