47.93
35.07
31.73
29.47
28.61
26.60
25.88
25.52
24.02
23.55
23.83
22.80
22.13
20.82
18.64
18.38
19.54
18.15
17.25
16.74
16.86
16.88
16.66
17.24
15.64
17.72
13.73
13.78
13.58
13.70
13.65
12.70
12.00
15.76
12.45
12.97
11.54
11.96
11.48
11.31
11.13
10.85
9.49
9.84
9.28
8.74
9.54
9.02
10.83
8.73
8.56
8.82
8.85
8.46
7.89
7.40
8.19
7.55
7.26
7.51
7.36
7.02
7.01
7.79
8.36
6.81
7.01
6.75
7.22
6.20
5.54
6.09
5.70
5.17
5.73
6.17
6.34
5.73
4.80
5.49
5.99
4.70
4.44
5.80
5.08
6.48
4.59
4.70
4.06
5.45
5.28
4.99
5.19
4.24
4.58
4.51
4.87
4.07
3.58
4.57
3.90
3.72
3.35
3.66
3.92
4.17
3.78
3.70
3.37
3.39
4.46
4.69
3.23
3.90
3.52
4.31
3.30
3.30
3.52
3.02
2.67
3.46
2.72
3.09
3.29
3.58
2.91
2.73
2.68
2.79
3.18
2.48
2.71
2.80
2.71
2.43
2.18
2.39
3.12
2.46
2.43
2.66
2.20
2.35
2.10
2.75
2.86
2.32
3.82
2.03
2.64
2.12
2.60
1.98
2.16
3.14
2.62
2.24
2.44
2.40
2.45
2.19
1.82
2.16
2.27
2.20
1.82
1.85
2.13
1.73
1.68
1.96
2.58
1.82
1.90
2.16
1.62
1.69
2.63
1.86
2.57
1.80
1.88
1.99
1.73
1.96
2.20
1.75
1.48
2.10
1.55
1.96
1.81
1.85
1.63
1.46
1.54
1.67
1.49
1.63
1.44
1.37
1.66
1.68
1.44
1.92
1.41
1.59
1.32
1.19
1.68
1.10
1.25
1.28
1.40
1.29
1.17
1.00
1.51
1.34
1.28
1.41
1.42
1.28
1.46
1.07
1.16
1.38
1.34
1.35
1.35
1.09
1.25
1.12
1.03
1.21
1.36
1.42
1.21
1.04
1.21
1.17
1.30
1.12
0.98
1.22
1.25
1.27
1.10
1.63
1.29
0.95
1.15
1.06
1.05
1.11
1.15
0.99
0.96
0.98
1.19
0.90
1.19
1.17
0.96
1.02
1.04
0.83
0.87
0.94
1.13
0.94
1.02
1.08
1.01
1.01
0.73
0.86
0.75
1.02
0.82
1.07
0.78
0.92
0.79
0.95
0.84
1.11
1.46
0.98
0.95
0.99
0.76
0.73
1.02
0.80
0.80
0.94
0.72
0.89
0.76
1.04
0.70
1.48
1.92
0.86
0.91
0.75
0.64
0.83
0.81
0.74
0.83
0.81
0.86
0.72
0.79
1.10
0.67
0.71
0.72
0.60
0.67
1.02
0.81
1.00
0.99
0.64
0.49
0.60
0.61
0.66
0.49
0.78
0.53
0.63
0.76
0.49
0.56
0.58
0.60
0.95
1.38
0.72
0.85
0.64
0.55
0.52
0.62
0.69
0.79
0.79
0.63
0.50
0.67
0.51
0.76
0.78
0.76
0.50
0.64
0.70
0.86
0.93
0.60
1.03
1.25
0.80
1.37
0.71
0.60
0.75
0.56
0.61
0.47
0.51
0.71
0.52
0.65
0.52
0.51
0.48
0.58
0.56
0.73
0.43
0.50
0.62
0.53
0.51
0.50
0.51
0.61
0.44
0.53
0.55
0.43
0.47
0.45
0.57
0.45
0.66
0.56
0.69
0.45
0.55
0.55
0.69
0.49
0.44
0.49
0.55
0.33
0.41
0.53
0.49
0.47
0.48
0.46
0.43
0.41
0.40
0.36
0.46
0.55
0.48
0.41
0.45
0.47
0.43
0.42
0.43
0.33
0.54
0.40
0.38
0.38
0.40
0.37
0.61
0.53
0.33
0.43
0.75
0.82
0.46
0.45
0.38
0.48
0.49
0.30
0.58
0.58
0.84
0.64
0.59
0.54
0.46
0.42
0.47
0.49
0.45
0.83
0.82
0.69
0.39
0.36
0.41
0.54
0.50
0.43
0.44
0.51
0.71
0.61
0.59
0.43
0.45
0.34
0.36
0.36
0.36
0.53
0.35
0.37
0.40
0.32
0.49
0.37
0.47
0.40
0.34
0.23
0.42
0.43
0.54
0.43
0.31
0.40
0.39
