36.17
22.61
15.65
14.25
13.86
12.87
12.80
13.42
11.68
11.49
10.10
10.13
10.09
9.59
9.02
9.26
8.29
8.25
8.33
8.44
7.33
7.66
7.36
7.05
6.57
6.37
6.56
6.06
5.68
5.46
5.48
6.87
5.53
5.46
5.79
5.00
5.68
5.08
5.14
5.29
5.02
5.14
4.87
4.63
5.52
4.82
4.37
3.99
4.18
3.98
3.82
4.10
3.62
3.28
4.07
4.92
4.15
3.81
4.19
3.81
3.86
4.47
3.12
3.67
3.65
3.52
4.05
3.18
3.23
3.22
3.52
3.34
4.45
3.46
3.08
3.85
3.10
3.07
3.54
2.95
2.95
2.39
2.78
2.69
3.17
2.76
2.64
2.57
2.58
3.81
2.72
2.99
2.32
2.19
2.33
2.65
2.30
2.26
2.34
2.21
2.98
1.93
2.39
1.94
2.19
2.60
2.15
2.56
2.31
1.86
3.84
2.31
2.52
2.13
2.01
1.89
2.65
2.21
2.10
1.86
1.94
3.02
1.92
1.66
1.80
1.67
1.60
1.91
1.63
1.57
1.87
2.19
1.80
1.49
3.61
2.39
1.66
1.93
1.81
1.41
1.29
2.12
2.97
1.78
1.76
1.57
1.57
1.37
1.63
1.57
1.59
1.47
1.24
1.47
1.36
1.34
1.82
2.02
1.33
1.29
1.55
1.65
1.59
1.27
1.42
1.25
1.59
1.23
1.37
1.70
1.35
1.29
1.53
1.01
1.28
1.33
1.20
1.10
1.16
1.31
1.38
1.22
1.02
1.18
1.16
1.27
1.41
1.17
1.08
1.08
1.17
1.22
1.08
1.07
1.15
0.84
1.11
1.15
0.95
0.91
1.18
1.17
1.02
1.22
0.88
1.04
1.03
1.30
1.53
0.98
1.29
1.03
1.11
0.97
1.41
1.15
0.79
0.88
0.97
0.96
1.25
1.15
1.01
0.91
0.88
0.75
0.94
0.85
0.99
0.91
0.85
0.89
1.10
1.10
0.97
0.85
0.76
1.01
1.12
1.61
0.88
1.05
0.83
1.02
0.79
0.84
1.22
1.24
1.14
1.36
1.23
0.75
0.79
0.80
0.80
0.94
1.38
1.53
1.08
0.82
0.99
0.79
0.50
0.75
0.66
0.77
0.88
0.69
0.64
0.63
0.54
0.73
0.70
0.84
0.77
0.98
0.70
0.80
0.62
0.85
1.05
0.71
0.72
0.79
0.77
0.65
0.63
0.53
0.73
1.18
4.85
2.02
0.79
0.97
0.99
0.71
0.92
0.67
0.92
0.57
0.53
0.84
0.59
0.64
0.77
0.51
0.66
0.71
0.79
0.58
0.67
0.59
0.69
0.54
0.85
0.45
0.71
0.65
0.60
0.52
0.65
0.70
0.44
0.70
0.43
0.72
0.91
0.60
0.64
0.89
0.60
0.63
0.64
0.52
0.43
0.53
0.59
0.52
0.41
1.44
2.20
0.98
1.02
0.63
0.64
0.53
0.43
0.60
0.63
0.56
0.51
0.80
0.53
0.54
0.45
0.40
0.45
0.62
0.60
0.49
0.46
0.45
0.41
0.34
0.50
0.53
0.43
0.40
0.43
0.41
0.52
0.52
0.59
0.47
0.60
0.51
0.51
0.59
0.72
0.53
0.64
0.46
0.50
0.38
0.46
0.45
0.46
0.40
0.50
0.71
0.58
0.43
0.84
0.37
0.43
0.39
0.33
0.40
0.40
0.49
0.40
0.43
0.32
0.38
0.36
0.63
0.32
0.47
0.37
0.46
0.38
0.34
0.45
0.78
0.88
2.36
0.75
0.51
0.50
0.45
0.40
0.38
0.43
0.44
0.41
0.47
0.38
0.34
0.33
0.39
0.36
0.38
0.32
0.39
0.38
0.34
0.59
0.41
0.51
0.39
0.41
0.28
0.28
0.31
0.44
0.32
0.43
0.41
0.40
0.40
0.45
0.41
0.38
0.30
0.28
0.41
0.32
0.41
0.38
0.34
0.22
0.31
0.41
0.50
0.26
0.25
0.56
0.38
0.49
0.44
0.52
0.53
0.58
0.40
0.41
0.27
0.33
0.30
0.41
0.30
0.36
0.32
0.31
0.33
0.33
0.39
0.34
0.47
0.37
0.45
0.25
0.31
0.27
0.37
0.34
0.32
0.28
0.31
0.30
0.39
