63.50
54.34
48.63
44.02
39.46
36.30
32.92
30.25
28.61
27.61
25.38
24.09
23.20
21.17
19.48
19.39
18.03
15.01
14.84
15.10
13.60
12.49
11.92
11.35
10.84
9.35
8.44
9.15
7.75
7.20
7.68
7.58
5.94
6.34
5.50
5.03
4.82
5.10
5.55
4.33
3.58
4.36
4.46
3.57
4.35
3.00
3.15
2.85
2.63
3.07
2.65
5.32
3.75
2.05
2.05
2.12
2.30
1.81
1.65
1.53
1.62
1.35
1.91
1.65
2.05
1.92
1.70
1.68
1.42
1.30
1.07
1.07
0.82
1.34
1.16
0.85
1.24
1.12
0.95
1.30
0.86
0.66
1.80
1.83
0.91
0.72
0.77
0.97
0.96
0.70
0.85
1.09
0.82
0.74
0.71
0.55
0.74
0.57
0.56
0.56
0.79
0.48
0.38
0.47
0.44
0.42
