60.88
51.82
49.08
42.77
41.88
37.99
38.14
36.52
34.45
33.52
31.56
30.51
30.86
29.61
28.95
28.32
29.65
28.14
25.45
25.59
26.62
22.32
23.87
22.25
21.72
19.86
20.57
20.74
18.03
19.02
19.86
18.38
18.30
18.14
17.79
16.82
15.51
15.37
15.16
16.37
14.63
13.73
14.08
14.88
15.14
13.28
14.86
13.42
13.50
14.28
14.12
12.73
12.81
12.25
14.49
13.95
13.50
11.43
13.28
12.19
12.44
12.07
10.70
11.25
11.50
10.08
9.75
9.79
9.92
10.20
9.90
9.00
10.35
11.00
10.53
9.98
9.47
8.65
10.16
10.18
8.55
10.25
9.00
9.41
10.10
8.09
7.83
8.73
9.36
8.87
8.73
9.67
9.67
8.03
7.36
7.40
7.66
6.99
6.99
8.05
7.25
6.17
7.48
8.28
8.20
8.61
7.01
8.54
6.76
7.66
7.30
8.26
7.71
6.95
6.19
6.25
6.64
6.93
6.11
7.19
5.27
5.21
5.04
5.29
5.41
5.80
5.68
5.14
5.43
5.90
4.75
4.71
4.96
4.61
4.77
5.00
5.10
7.73
6.15
5.72
4.88
5.92
5.45
5.66
5.72
5.06
4.39
4.06
4.41
4.36
3.89
4.55
4.38
4.47
4.61
3.71
5.47
6.13
3.85
3.89
4.16
4.86
4.08
5.84
4.18
5.98
4.79
3.59
4.38
3.71
4.45
4.57
3.77
3.59
4.10
2.97
3.67
4.36
4.98
3.73
2.89
3.11
2.99
3.67
2.70
3.07
2.95
2.99
3.14
3.34
2.46
3.20
3.65
2.81
3.40
5.86
4.63
2.50
3.50
4.61
3.30
2.97
2.64
2.97
2.46
2.30
2.75
2.71
2.75
2.87
2.73
2.75
2.13
2.40
2.91
2.73
3.01
2.48
3.11
2.83
3.42
2.62
3.30
2.97
2.68
2.34
2.23
1.93
2.58
2.40
2.34
2.30
1.80
1.97
2.79
2.97
2.01
2.66
2.70
3.01
2.73
1.80
2.17
1.82
1.91
1.68
1.84
1.74
2.11
2.75
2.23
2.52
1.80
2.23
1.76
1.62
1.99
1.68
1.82
1.89
1.95
1.41
1.50
2.30
3.81
2.79
1.80
1.48
1.46
1.41
1.74
1.56
1.93
1.89
1.89
1.52
1.50
1.66
1.68
1.64
1.35
1.74
1.52
1.39
1.52
1.58
1.27
2.30
1.74
1.72
1.39
1.68
1.25
1.45
2.25
1.29
1.39
2.17
1.25
1.64
1.13
0.86
1.15
1.25
1.45
1.15
1.07
1.29
1.54
1.48
1.13
1.15
1.29
0.98
1.09
1.07
1.13
1.84
1.54
0.96
1.35
1.35
1.25
1.13
1.56
1.17
0.98
1.02
1.21
1.27
1.02
0.96
1.17
1.05
1.11
1.07
1.05
1.37
1.04
1.31
1.11
1.15
1.35
0.92
0.88
0.94
0.86
0.88
0.84
0.70
1.31
1.27
1.23
1.00
0.66
0.80
0.80
0.82
1.04
0.86
1.17
1.17
1.04
1.97
1.00
1.05
1.09
0.64
0.68
0.70
1.31
1.15
0.86
0.80
1.23
1.00
1.00
1.04
0.66
1.52
0.94
0.66
0.80
0.84
0.72
0.86
0.78
1.21
1.68
1.52
0.90
0.82
0.96
0.59
0.82
1.00
0.94
0.84
1.02
5.21
1.46
1.04
0.53
0.74
0.74
0.62
0.61
0.47
0.61
0.90
0.64
0.57
0.62
0.74
0.64
1.19
1.04
0.61
1.05
0.72
0.84
1.41
0.98
0.84
0.86
0.70
0.57
0.70
0.76
0.92
0.62
0.62
0.68
0.64
1.07
0.78
0.45
0.57
0.80
0.47
0.49
0.37
0.74
0.61
0.51
0.53
0.59
0.59
0.74
1.31
0.68
0.39
0.88
0.61
0.49
0.43
0.72
0.55
0.39
0.51
0.55
0.59
0.61
0.72
0.78
0.84
0.35
0.31
0.55
0.49
0.43
0.41
0.74
0.47
0.43
0.47
0.49
0.37
0.33
0.33
0.43
0.57
1.64
2.07
1.05
0.27
0.45
0.43
0.25
0.78
0.53
0.51
0.57
0.74
0.55
0.45
1.05
0.64
0.39
0.49
