34.16
20.18
20.98
17.06
15.72
14.63
13.27
12.11
11.99
11.65
10.88
9.97
9.73
9.62
9.40
8.70
8.45
9.40
9.21
8.45
7.67
7.40
7.10
7.13
6.71
6.69
6.34
6.19
6.11
6.24
6.25
5.14
5.88
5.20
5.72
5.94
5.43
4.95
5.07
4.47
4.38
4.66
4.56
4.05
4.19
4.12
3.94
4.50
3.99
3.92
4.06
4.29
3.75
4.18
4.43
3.80
3.73
3.34
3.60
3.89
3.62
3.89
3.69
3.30
3.91
3.39
3.18
3.62
3.73
3.27
3.23
2.83
3.82
3.03
2.84
3.08
2.95
3.68
2.54
3.02
2.62
2.76
2.46
2.51
2.31
2.51
2.60
2.98
3.47
2.64
2.85
2.26
2.34
2.19
2.13
2.62
2.62
2.78
1.92
2.57
2.62
2.38
2.05
1.98
1.93
1.87
1.82
1.93
2.18
2.72
1.94
1.96
2.12
2.50
2.10
2.06
2.66
2.19
1.93
1.67
2.04
1.80
1.76
1.93
1.88
1.65
1.52
1.62
1.80
1.96
2.71
1.74
1.33
1.80
1.65
2.38
1.96
1.76
1.82
1.72
1.46
1.33
1.93
1.61
1.73
1.85
1.50
1.86
1.57
1.41
1.72
1.48
1.49
1.27
1.63
1.68
1.42
1.63
1.57
1.34
2.07
1.12
1.44
1.42
1.50
1.24
1.27
1.49
1.21
1.35
0.96
1.11
1.21
1.05
1.36
1.20
1.93
1.21
1.38
1.11
1.21
1.15
0.92
1.27
1.07
1.09
1.27
0.95
1.43
1.27
0.98
1.04
1.21
1.30
1.17
2.04
1.23
1.18
0.90
1.11
1.02
1.02
1.02
0.97
1.05
1.01
0.99
1.18
1.10
0.97
1.73
1.67
1.18
1.07
0.97
0.92
0.89
1.02
1.17
1.29
1.15
1.08
1.05
0.84
1.03
0.88
0.84
0.86
0.96
1.18
0.85
0.80
0.88
0.96
0.99
0.83
0.98
1.05
1.21
0.71
0.86
1.20
0.83
0.84
1.28
0.84
0.97
0.86
0.92
0.75
0.75
0.86
0.82
0.73
0.80
0.89
0.72
0.92
1.11
0.94
0.79
0.91
0.82
0.89
0.72
1.05
0.69
1.01
0.67
0.65
1.24
0.97
0.94
0.80
0.71
0.73
0.86
0.65
0.89
0.80
1.09
0.73
0.84
0.89
0.76
0.94
0.66
0.76
0.77
0.66
0.70
0.62
0.82
1.59
3.14
1.41
0.75
0.69
0.69
0.64
0.76
0.62
0.79
0.75
0.67
0.84
0.71
0.75
0.80
0.84
0.58
0.53
0.63
0.65
0.91
0.64
0.66
0.69
0.64
0.73
0.66
0.60
0.67
0.66
0.64
0.56
0.66
0.58
0.64
0.91
0.49
0.60
0.75
0.67
0.71
0.57
0.88
0.63
0.53
0.69
0.80
0.63
0.51
0.63
0.66
0.73
1.30
1.15
0.52
0.49
0.47
0.58
0.70
0.50
0.56
0.62
0.52
0.54
0.63
0.78
1.07
0.86
0.43
0.57
0.53
0.46
0.52
0.51
0.57
0.60
0.66
0.46
0.44
0.57
0.54
0.59
0.58
0.59
0.63
0.58
0.54
0.54
0.59
0.51
0.56
1.02
0.82
0.34
0.60
0.73
0.57
0.41
0.52
0.47
0.56
0.43
0.41
0.45
0.67
0.88
0.57
0.40
0.47
0.46
0.49
0.34
0.46
0.52
0.45
0.57
0.47
0.44
0.45
0.53
0.47
0.45
0.51
0.46
0.41
0.37
0.45
0.45
0.41
0.36
0.50
0.62
0.39
0.31
0.52
0.46
0.45
0.41
0.52
0.39
0.46
0.43
0.44
0.54
0.33
0.41
0.43
0.45
0.28
0.56
1.03
0.36
0.39
0.51
0.53
0.41
0.49
0.75
0.73
0.60
0.46
0.37
0.46
0.80
0.40
0.33
0.53
0.69
0.73
0.41
0.54
0.36
0.45
0.43
0.30
0.28
0.32
0.37
0.34
0.39
0.39
0.36
0.36
0.32
0.43
0.38
0.32
0.37
0.54
0.36
0.28
0.83
0.75
0.43
0.51
0.39
0.33
0.36
0.39
0.43
0.31
0.39
0.49
0.51
0.38
0.33
