45.78
30.68
27.48
24.42
23.84
22.27
21.51
20.44
19.60
18.76
17.91
17.97
16.76
17.25
16.09
15.18
15.12
15.02
14.15
14.29
14.72
12.92
12.56
12.38
11.88
11.40
11.25
10.99
10.56
10.44
10.17
9.99
9.54
9.25
9.56
9.34
8.51
8.18
8.68
8.32
8.53
7.92
7.65
7.24
7.44
8.03
6.99
6.76
7.26
6.33
6.67
6.28
5.98
6.28
6.04
5.75
5.88
5.52
5.39
5.43
5.61
5.59
5.75
4.94
4.79
5.28
4.82
4.70
4.25
4.37
4.39
4.63
4.95
4.37
4.80
4.16
3.79
3.93
3.86
3.98
4.11
3.53
2.96
2.82
2.89
2.73
2.84
2.74
2.77
2.57
2.94
2.81
2.81
2.70
2.41
2.78
2.68
2.66
2.74
2.66
2.78
2.53
2.63
2.74
2.63
2.71
2.66
2.67
2.70
2.71
2.59
2.92
2.89
2.73
2.70
2.61
2.69
2.75
2.62
2.54
2.53
2.52
2.51
2.60
2.52
2.46
2.72
2.51
2.50
2.64
2.68
2.58
2.41
2.61
