50.16
49.45
45.94
39.92
37.27
34.14
30.23
25.31
25.62
21.41
20.31
21.95
20.23
19.61
17.73
18.20
18.05
20.16
18.91
20.55
19.53
18.12
17.27
16.09
16.88
16.95
16.17
15.00
13.98
15.16
15.78
14.53
15.23
14.77
13.91
12.73
14.45
13.91
14.06
11.80
12.11
13.20
11.72
11.72
10.94
11.25
12.27
10.86
13.12
10.00
10.94
10.31
14.06
12.34
11.02
9.38
11.17
10.23
9.38
10.16
11.09
10.23
12.50
10.47
9.92
9.84
10.00
10.23
10.78
9.38
10.31
7.58
7.97
9.69
8.83
8.98
7.89
8.98
8.44
7.97
10.08
7.73
7.66
7.42
7.34
7.03
8.36
8.44
7.27
7.34
8.28
6.64
6.25
7.42
6.17
7.42
7.97
8.83
8.20
7.03
7.19
7.73
8.36
6.88
7.42
7.11
7.27
8.44
6.41
7.34
5.78
6.88
5.47
6.17
5.78
6.72
5.78
6.80
4.69
5.62
5.94
5.31
4.84
4.69
4.38
6.64
7.03
5.78
5.86
4.30
5.78
5.94
6.88
6.64
5.70
7.89
7.11
5.70
3.83
6.17
6.02
5.55
5.47
5.78
5.94
5.00
3.75
5.47
4.53
4.53
5.39
5.08
3.83
5.08
4.61
4.38
4.45
3.12
4.14
6.25
14.30
10.23
9.06
8.59
6.95
7.27
6.64
4.53
5.31
7.34
6.95
5.00
3.98
3.75
3.83
3.75
3.67
3.91
4.22
4.30
4.53
5.08
6.33
5.31
5.16
6.17
3.83
4.69
5.39
3.98
3.36
2.81
4.06
2.97
3.05
3.91
4.53
4.30
3.59
3.12
4.22
3.28
4.14
4.61
3.44
5.08
3.98
3.83
4.45
4.14
3.83
3.12
3.91
4.53
3.52
5.31
4.06
3.83
4.30
4.38
4.14
3.05
2.81
4.14
2.73
2.89
3.36
3.52
2.73
2.42
3.83
3.44
3.12
2.89
3.91
3.36
3.12
3.67
4.06
2.66
3.91
2.81
3.28
2.97
4.14
4.22
3.91
4.30
3.12
3.98
3.28
3.52
2.27
2.66
2.81
3.12
2.66
3.91
4.14
4.38
4.61
4.22
4.53
4.30
2.50
2.97
2.66
2.73
3.20
3.20
2.42
2.73
2.81
2.19
2.89
2.58
2.58
3.05
2.89
3.12
2.97
3.36
2.81
3.44
4.45
3.20
2.19
3.91
3.05
3.05
3.05
4.22
2.97
2.81
2.34
2.42
2.03
2.89
2.27
2.03
2.66
2.50
3.67
2.81
3.20
3.05
3.52
3.83
2.73
3.44
2.34
2.03
1.95
2.89
3.12
2.66
2.73
2.42
2.34
2.66
2.66
2.27
3.36
3.12
3.75
2.81
7.11
5.86
3.28
2.42
1.80
2.42
1.72
2.58
2.19
2.19
2.73
1.56
1.95
1.72
2.11
4.30
4.53
11.02
13.83
12.27
10.23
15.86
9.77
7.11
3.36
3.67
3.91
2.81
2.03
2.58
3.67
2.97
2.73
3.36
2.34
3.67
2.11
2.66
1.64
1.88
1.64
1.41
1.95
1.56
2.19
2.19
1.48
2.89
1.72
2.11
2.03
1.80
2.42
1.88
2.19
1.88
1.72
2.73
2.42
1.95
2.03
2.19
2.19
2.19
1.95
2.11
2.27
1.80
2.03
2.42
3.12
3.05
3.20
2.58
2.66
3.12
2.11
2.42
2.58
1.48
2.73
2.50
2.34
1.72
1.80
1.88
2.11
2.50
1.41
1.64
1.88
1.95
2.11
1.48
1.56
2.19
1.48
2.34
2.27
1.72
1.95
1.33
1.33
2.03
1.64
1.64
1.64
1.33
1.72
3.05
1.88
2.03
1.64
1.41
1.80
2.11
2.11
2.58
3.20
3.36
1.80
1.64
2.19
1.56
1.17
1.17
1.80
2.19
1.64
1.72
1.95
1.56
1.56
2.19
1.95
1.88
1.56
1.48
1.64
1.09
1.72
1.88
2.27
1.48
1.41
1.88
1.17
1.56
1.80
1.25
2.27
1.95
1.72
1.80
2.03
1.48
2.66
1.95
2.11
2.34
1.64
1.64
1.56
1.48
1.56
2.03
1.88
1.88
1.33
1.56
1.09
0.62
1.72
1.88
2.66
3.28
3.52
1.48
1.64
1.88
1.80
0.94
0.94
1.48
1.64
1.41
1.02
1.41
1.41
1.33
1.33
1.48
1.80
0.86
0.94
1.25
0.70
1.17
1.09
1.41
1.88
1.48
0.94
1.02
1.41
1.25
1.09
1.33
1.02
1.72
0.94
1.33
1.88
1.25
1.17
1.72
1.41
1.02
1.09
1.41
1.56
1.33
1.48
1.02
1.25
1.48
1.48
0.62
1.33
0.86
1.64
1.56
1.72
1.41
0.78
0.94
1.56
1.56
1.64
1.72
1.33
1.33
1.33
1.56
1.48
1.17
1.09
0.78
1.25
1.41
1.80
1.41
1.41
1.33
1.48
1.33
1.41
1.09
1.25
1.09
1.80
1.25
1.64
1.09
1.02
1.64
1.02
0.86
1.72
0.94
1.17
1.33
1.33
1.41
0.86
1.88
1.02
1.02
0.86
1.48
1.02
1.41
1.09
1.56
1.09
1.41
1.56
1.17
1.25
1.02
1.09
1.48
1.48
1.25
0.86
1.48
1.56
0.94
1.25
1.80
1.25
1.17
0.62
0.86
1.33
1.02
1.02
1.41
1.17
1.17
1.33
1.48
1.25
1.56
1.33
0.78
0.94
1.41
0.70
1.41
0.94
1.02
1.17
1.48
0.70
1.80
1.25
1.09
1.17
1.64
1.41
1.25
0.78
1.17
1.95
1.33
1.09
1.48
1.25
1.33
0.94
0.94
1.25
1.25
1.17
0.78
1.17
1.41
1.48
1.56
1.02
1.33
1.02
1.80
1.48
1.17
1.56
0.94
1.25
1.72
1.25
1.02
1.02
1.41
0.86
1.09
1.25
1.17
1.25
1.33
1.41
1.17
0.78
1.48
1.41
1.72
1.17
1.17
0.62
1.41
0.94
1.56
1.17
1.80
0.86
0.94
0.86
1.56
1.33
1.09
1.09
0.94
1.17
0.86
1.41
1.25
1.09
1.17
1.02
1.41
1.09
1.41
1.17
1.25
1.41
0.62
1.48
1.09
1.33
0.62
1.25
1.48
0.86
0.86
1.48
0.78
0.86
1.09
1.25
1.02
1.17
1.25
1.48
1.25
1.17
1.33
1.80
2.03
1.02
1.56
1.02
1.25
1.02
1.56
1.48
1.41
0.70
0.94
0.94
1.17
1.41
1.25
1.33
1.41
1.02
1.33
1.33
0.70
1.02
1.64
1.41
1.33
1.33
1.17
0.78
0.94
1.41
0.78
1.48
0.86
1.09
1.17
1.48
1.33
1.09
1.56
1.09
1.25
1.09
0.78
1.33
0.78
1.09
1.48
0.78
1.02
1.56
1.25
1.02
1.25
1.64
1.09
1.33
1.17
1.56
0.94
1.17
1.02
1.33
1.33
1.33
1.25
1.17
1.25
1.48
1.17
1.56
1.09
1.41
0.94
1.02
1.33
1.33
0.70
1.17
1.33
0.78
1.25
1.25
1.48
1.56
1.72
0.94
1.72
1.48
1.25
0.94
1.02
1.48
0.78
1.25
1.25
1.17
1.02
0.86
1.72
1.17
1.56
0.86
1.80
1.25
1.33
1.33
1.33
1.41
1.41
1.02
1.41
1.09
1.33
1.09
1.25
1.17
1.09
1.09
0.70
1.72
2.11
1.56
1.09
0.94
1.48
1.09
0.86
0.94
1.33
1.09
0.94
1.48
0.94
1.56
1.41
1.02
0.86
1.02
1.64
0.78
1.56
1.41
0.94
1.48
1.02
1.02
1.33
0.86
0.94
1.33
1.17
1.33
1.17
1.02
1.33
1.09
0.55
1.17
0.70
1.09
1.02
1.33
1.02
1.02
0.86
0.70
1.25
1.09
1.56
1.25
0.62
1.25
0.86
1.25
1.17
1.41
1.02
0.70
1.17
1.80
0.55
1.09
1.02
1.25
0.78
2.03
1.33
1.48
1.25
1.25
1.17
1.80
0.78
0.78
0.86
1.09
1.41
1.02
0.78
0.78
1.80
1.02
1.48
1.33
1.25
1.72
0.86
1.33
1.33
0.62
1.17
1.33
1.09
1.17
1.02
1.48
1.33
1.17
1.25
1.56
1.25
1.25
1.41
1.17
1.33
1.48
0.86
1.56
1.41
0.86
1.41
1.09
1.09
1.17
1.48
0.94
0.70
0.86
0.55
1.41
1.72
0.86
0.86
0.94
1.17
0.86
1.48
1.17
0.94
1.02
1.02
0.94
1.17
1.17
1.17
1.33
0.94
1.80
1.33
0.94
1.72
1.09
1.09
1.09
1.41
1.33
1.48
1.33
1.17
1.02
0.62
1.17
1.41
1.25
0.70
1.02
1.17
1.48
0.78
0.86
1.09
1.56
1.09
1.48
1.33
1.48
0.70
1.02
1.09
1.02
0.94
1.25
0.94
0.94
0.86
0.55
1.25
0.94
0.86
1.33
0.78
1.25
1.17
0.78
0.62
1.02
1.09
1.17
0.86
1.25
1.09
1.02
1.25
1.72
1.17
1.09
1.48
0.62
1.17
0.86
1.48
1.64
0.94
1.02
1.33
1.48
0.70
0.86
0.94
1.09
1.41
1.17
1.17
0.78
1.02
0.70
1.02
0.94
0.78
1.17
0.86
0.78
0.94
0.94
1.48
1.64
1.09
0.86
1.09
1.48
1.09
1.17
1.56
0.70
1.25
0.78
0.94
0.94
1.17
0.86
0.94
1.17
0.78
1.09
1.17
0.62
1.25
1.41
1.33
1.17
1.02
1.09
1.33
1.41
1.25
1.48
0.86
1.33
1.33
1.17
1.25
1.02
1.25
0.70
1.25
1.09
0.62
1.33
1.02
1.09
1.41
1.72
0.94
1.41
1.17
0.94
0.86
1.56
1.41
1.02
1.48
0.86
1.09
1.02
0.94
1.17
0.86
1.09
1.25
1.72
1.17
1.33
0.78
0.86
1.56
1.17
0.86
1.09
1.09
1.33
0.86
1.02
0.78
1.02
1.17
1.64
1.17
0.78
0.86
1.02
1.41
1.02
1.09
1.02
1.17
0.55
1.41
1.25
0.86
1.33
1.25
1.48
1.48
1.17
0.86
1.56
1.64
1.02
0.47
1.25
0.94
1.41
1.17
1.17
1.33
0.62
1.02
1.09
0.94
1.25
0.94
1.02
1.25
1.02
0.94
0.94
1.48
1.02
1.09
0.94
1.25
0.94
0.86
1.09
1.64
1.25
1.25
1.56
1.41
1.56
0.78
0.94
1.33
0.94
1.25
1.41
1.09
1.25
0.86
1.09
0.86
1.88
1.41
0.94
1.09
1.09
1.41
1.33
0.94
1.02
1.17
1.72
0.47
1.25
1.25
1.17
1.02
0.78
1.33
0.86
1.02
1.33
1.56
1.33
1.33
1.02
1.17
1.17
1.09
1.17
0.86
1.72
1.25
1.25
1.02
1.48
0.78
0.94
0.94
1.02
1.25
0.70
0.94
1.17
1.48
1.41
1.33
1.17
1.09
1.17
1.64
1.56
0.62
1.72
1.17
1.48
0.94
1.09
0.94
1.25
1.48
1.02
1.17
0.78
1.41
1.33
1.41
1.02
1.17
1.17
1.09
0.47
1.25
1.25
0.78
1.33
0.86
0.94
0.86
1.09
0.94
1.64
1.41
1.25
1.56
1.02
0.94
0.94
0.86
0.78
0.78
1.25
0.70
1.09
1.48
1.25
1.02
1.48
1.17
1.09
1.09
1.17
1.02
1.17
1.17
0.70
1.33
1.09
1.48
1.33
1.33
1.09
1.17
0.78
1.17
0.86
1.17
1.41
1.17
1.09
1.09
0.94
1.17
0.31
0.94
1.09
0.78
1.25
0.86
1.02
1.41
1.02
1.02
1.25
1.09
1.09
0.86
1.41
1.17
1.25
1.17
0.94
0.94
1.17
1.09
0.94
0.78
1.02
1.02
1.02
0.86
0.94
0.94
1.02
0.94
1.02
1.48
1.09
0.94
0.94
1.09
1.33
0.78
0.94
0.94
1.56
0.78
1.02
1.33
0.94
0.86
1.02
0.86
1.33
1.02
1.33
0.62
0.94
1.09
1.33
0.70
1.25
1.09
0.94
1.02
0.62
0.70
1.41
1.02
1.09
0.70
0.78
1.25
1.17
1.48
1.02
1.02
1.33
0.78
1.56
1.33
1.25
1.17
1.41
1.25
0.86
1.09
1.33
1.56
0.86
0.94
1.72
1.09
1.02
1.17
1.02
1.72
1.56
1.17
1.25
0.86
0.47
0.94
0.70
1.02
0.86
1.09
1.09
1.56
0.78
1.25
1.17
1.17
0.86
0.94
1.02
1.48
1.09
0.94
1.09
0.94
0.94
1.09
1.80
1.02
1.02
0.78
0.78
0.78
1.33
0.94
1.09
1.17
1.41
1.41
1.72
1.09
