57.65
47.04
40.93
36.64
34.71
33.91
32.46
31.42
31.40
30.02
28.24
26.67
25.27
24.87
22.99
23.87
23.14
21.55
21.28
20.62
20.49
17.86
18.28
16.29
16.98
16.34
15.72
15.50
15.04
14.33
16.70
15.19
14.01
14.90
13.53
12.22
12.79
12.22
13.35
13.21
11.90
12.19
10.94
10.46
10.70
10.59
10.31
9.96
10.97
10.02
10.94
9.65
8.90
9.50
9.44
8.82
8.33
9.38
8.71
9.49
7.94
8.15
8.11
8.61
7.31
8.13
8.51
9.44
7.74
7.85
7.06
7.42
7.55
6.72
7.38
7.76
7.30
7.71
7.10
6.68
6.25
6.00
6.39
6.78
6.57
6.29
5.94
5.57
5.75
5.78
6.38
6.36
5.54
4.91
4.92
5.08
5.29
5.18
6.04
5.40
7.85
7.10
5.43
4.62
4.41
5.61
7.10
4.17
4.49
4.21
4.09
4.03
3.56
5.79
4.35
4.26
4.53
3.84
4.84
3.85
4.49
3.03
4.23
3.49
3.36
3.70
3.12
3.19
3.71
3.59
3.28
3.36
3.03
3.33
3.07
3.25
3.57
3.89
3.32
2.66
2.80
3.15
2.96
4.14
3.61
2.79
2.64
2.83
2.33
2.44
2.62
2.92
4.41
2.47
3.26
3.39
2.87
3.91
3.40
4.10
3.00
2.34
2.26
2.22
2.76
2.25
2.47
2.46
2.19
2.26
3.07
2.29
2.61
2.58
2.39
2.27
2.34
1.53
1.93
1.86
1.67
1.80
1.63
1.62
1.76
1.67
1.80
1.69
1.88
3.46
2.36
1.88
1.79
1.76
2.02
1.52
1.79
2.29
2.02
1.74
1.73
1.63
2.25
1.87
1.44
1.20
1.67
1.69
1.38
1.40
1.84
1.45
1.52
2.44
1.37
1.48
1.46
1.53
1.26
1.23
1.44
1.98
1.59
1.30
2.33
1.60
1.28
2.92
1.67
1.48
1.20
0.96
1.16
1.19
1.05
1.19
1.20
1.02
0.96
1.05
1.19
1.20
1.56
0.96
0.93
1.21
1.17
0.95
0.89
1.12
1.06
0.84
0.68
1.27
1.05
0.92
0.82
1.13
1.02
0.93
0.93
1.05
1.23
1.07
1.28
1.41
1.26
1.06
0.95
0.73
0.59
0.88
1.09
1.02
0.93
0.93
0.91
0.70
0.85
0.78
1.33
0.71
0.88
0.93
0.61
0.70
0.80
0.85
1.09
0.60
0.57
1.02
0.89
0.77
0.75
0.91
0.57
0.60
0.71
0.91
0.73
0.78
1.09
0.49
0.75
0.86
1.00
0.53
0.70
0.60
0.74
0.56
0.63
0.74
0.68
0.64
0.64
0.68
0.53
0.67
0.54
0.77
0.81
1.74
0.84
0.75
0.73
0.61
0.56
0.63
0.67
0.63
0.57
0.53
0.80
0.71
0.70
0.61
0.49
0.39
0.46
0.45
0.71
0.46
0.54
0.46
0.82
0.64
0.64
0.64
1.24
0.74
0.47
0.67
0.43
0.46
0.50
0.46
0.39
0.50
0.36
0.64
0.80
0.54
0.70
0.61
0.81
0.71
0.53
0.71
0.43
0.47
0.49
0.45
0.56
0.45
0.60
0.46
0.52
0.54
0.49
0.42
0.50
0.54
0.36
0.56
0.47
0.38
0.33
0.39
0.24
0.28
0.24
0.35
0.47
0.49
0.35
0.46
0.56
0.42
0.38
0.35
0.32
0.29
0.35
0.29
1.19
0.86
0.46
0.36
0.40
0.46
0.78
0.50
0.36
0.32
0.35
0.53
0.28
0.39
0.29
0.27
0.54
0.47
0.36
0.39
0.46
0.59
0.43
0.93
0.27
0.39
0.43
0.38
0.38
0.49
0.28
0.29
0.29
0.39
0.36
0.18
0.29
0.45
0.27
0.25
0.28
0.21
0.32
0.28
0.25
0.32
0.33
0.21
0.33
0.39
0.36
0.18
0.38
0.21
0.29
0.35
0.29
0.27
0.36
0.33
0.24
0.20
0.39
0.32
0.29
0.32
0.39
0.43
0.24
0.31
0.24
0.40
0.45
0.33
0.43
0.36
0.33
0.25
0.31
0.18
0.32
0.36
0.36
0.17
0.31
0.35
0.17
0.20
0.24
0.31
0.46
0.28
0.60
0.25
0.27
0.21
0.22
0.27
0.15
0.08
0.20
0.15
0.17
0.14
0.14
0.14
0.13
0.15
0.15
0.15
0.18
0.27
0.18
0.15
0.17
0.27
0.18
0.21
0.21
0.15
0.20
0.24
0.15
0.18
0.14
0.15
0.17
0.11
0.22
0.21
0.20
0.20
0.18
0.18
0.14
0.08
0.15
0.15
0.15
0.24
0.14
0.22
0.13
0.15
0.14
0.20
0.22
0.15
0.24
0.20
0.08
0.20
0.14
0.27
0.14
0.07
0.13
0.15
0.11
0.20
0.10
0.15
0.18
0.11
0.15
0.17
0.15
0.18
0.07
0.15
0.21
0.14
0.15
0.15
0.14
0.11
0.22
0.18
0.17
0.20
0.17
0.21
0.18
0.13
0.21
0.17
0.18
0.20
0.15
0.14
0.11
0.14
0.13
0.18
0.21
0.21
0.13
0.08
0.20
0.13
0.11
0.17
0.15
0.14
0.17
0.15
0.13
0.14
0.14
0.10
0.08
0.17
0.21
0.18
0.20
0.18
0.15
0.13
0.13
0.14
0.21
0.21
0.20
0.22
0.18
0.20
0.18
0.17
0.13
0.13
0.15
0.13
0.18
0.17
0.18
0.13
0.20
0.15
0.18
0.20
0.17
0.17
0.27
0.15
0.28
0.20
0.13
0.07
0.10
0.22
0.17
0.17
0.17
0.17
0.27
0.14
0.14
0.18
0.11
0.07
0.14
0.13
0.17
0.18
0.21
0.15
0.20
0.17
0.11
0.14
0.14
0.14
0.11
0.14
0.11
0.15
0.21
0.11
0.08
0.18
0.15
0.13
0.08
0.11
0.13
0.20
0.17
0.11
0.08
0.10
0.21
0.11
0.11
0.17
0.11
0.18
0.18
0.13
0.20
0.17
0.10
0.17
0.13
0.08
0.15
0.22
0.11
0.17
0.27
0.11
0.07
0.15
0.20
0.20
0.18
0.18
0.17
0.10
0.15
0.13
0.08
0.18
0.14
0.11
0.20
0.11
0.11
0.17
0.10
0.10
0.20
0.18
0.15
0.21
0.24
0.21
0.13
0.11
0.10
0.15
0.14
0.14
0.10
0.13
0.14
0.15
0.17
0.14
0.15
0.10
0.17
0.07
0.14
0.13
0.14
0.17
0.17
0.17
0.18
0.11
0.14
0.13
0.08
0.15
0.11
0.10
0.14
0.07
0.22
0.04
0.14
0.17
0.06
0.13
0.11
0.25
0.22
0.18
0.20
0.10
0.18
0.13
0.10
0.10
0.21
0.15
0.07
0.15
0.17
0.06
0.22
0.10
0.20
0.10
0.21
0.11
0.11
0.13
0.13
0.18
0.15
0.14
0.27
0.11
0.15
0.17
0.10
0.14
0.15
0.10
0.20
0.11
0.25
0.21
0.10
0.08
0.08
0.10
0.10
0.14
0.13
0.20
0.13
0.17
0.15
0.27
0.14
0.18
0.21
0.15
0.13
0.10
0.14
0.20
0.18
0.10
0.14
0.11
0.11
0.21
0.08
0.15
0.15
0.08
0.07
0.13
0.18
0.07
0.14
0.11
0.18
0.11
0.17
0.11
0.15
0.27
0.14
0.11
0.14
0.13
0.18
0.18
0.18
0.17
0.13
0.21
0.17
0.10
0.08
0.17
0.10
0.20
0.13
0.17
0.17
0.07
0.14
0.06
0.13
0.20
0.11
0.13
0.07
0.13
0.08
0.20
0.17
0.10
0.10
0.28
0.15
0.11
0.17
0.10
0.14
0.08
0.11
0.13
0.10
0.21
0.14
0.14
0.08
0.11
0.06
0.11
0.08
0.13
0.14
0.21
0.14
0.11
0.15
0.11
0.10
0.08
0.13
0.17
0.13
0.13
0.17
0.18
0.08
0.14
0.17
0.18
0.06
0.14
0.11
0.08
0.07
0.13
0.13
0.11
0.13
0.13
0.18
0.13
0.18
0.14
0.13
0.13
0.08
0.07
0.15
0.10
0.13
0.18
0.08
0.15
0.20
0.11
0.04
0.13
0.17
0.13
0.07
0.18
0.14
0.13
0.08
0.10
0.14
0.13
0.07
0.15
0.17
0.15
0.15
0.13
0.14
0.06
0.13
0.18
0.15
0.13
0.11
0.14
0.07
0.15
0.07
0.14
0.14
0.11
0.13
0.04
0.14
0.14
0.11
0.06
0.10
0.04
0.13
0.13
0.20
0.15
0.10
0.18
0.04
0.14
0.14
0.10
0.10
0.08
0.14
0.07
0.17
0.15
0.17
0.15
0.18
0.15
0.11
0.11
0.14
0.14
0.11
0.08
0.14
0.04
0.08
0.11
0.08
0.14
0.14
0.14
0.10
0.22
0.10
0.13
0.11
0.10
0.14
0.13
0.15
0.20
0.24
0.17
0.22
0.27
0.10
0.08
0.11
0.18
0.13
0.14
0.14
0.15
0.10
0.15
0.15
0.11
0.08
0.13
0.14
0.07
0.06
0.08
0.10
0.17
0.17
0.13
0.13
0.22
0.13
0.18
0.07
0.13
0.17
0.14
0.18
0.06
0.10
0.15
0.24
0.11
0.17
0.13
0.15
0.13
0.11
0.17
0.18
0.17
0.14
0.18
0.11
0.11
0.14
0.17
0.11
0.13
0.14
0.11
0.14
0.01
0.13
0.14
0.15
0.11
0.15
0.10
0.06
0.14
0.06
0.15
0.11
0.15
0.10
0.10
0.18
0.10
0.11
0.10
0.04
0.13
0.07
0.17
0.11
0.10
0.15
0.11
0.13
0.15
0.21
0.15
0.11
0.14
0.10
0.14
0.14
0.14
0.01
0.10
0.13
0.17
0.20
0.07
0.13
0.10
0.10
0.06
0.13
0.10
0.10
0.11
0.07
0.10
0.08
0.13
0.14
0.21
0.11
0.10
0.20
0.17
0.10
0.08
0.13
0.14
0.14
0.13
0.14
0.11
0.11
0.13
0.14
0.15
0.20
0.07
0.21
0.11
0.14
0.14
0.20
0.15
0.13
0.15
0.11
0.10
0.15
0.08
0.17
0.10
0.14
0.17
0.14
0.17
0.10
0.15
0.07
0.04
0.15
0.21
0.10
0.15
0.10
0.06
0.08
0.14
0.14
0.13
0.07
0.18
0.14
0.15
0.15
0.08
0.13
0.11
0.08
0.08
0.15
0.17
0.10
0.10
0.14
0.11
0.15
0.14
0.13
0.10
0.17
0.14
0.10
0.10
0.18
0.17
0.14
0.14
0.15
0.13
0.20
0.08
0.11
0.11
0.11
0.21
0.14
0.11
0.13
0.13
0.10
0.13
0.21
0.18
0.14
0.11
0.14
0.08
0.14
0.22
0.15
0.18
0.11
0.11
0.11
0.07
0.13
0.13
0.07
0.14
0.08
0.10
0.15
0.11
0.13
0.13
0.15
0.14
0.14
0.18
0.11
0.13
0.13
0.17
0.17
0.20
0.14
0.10
0.10
0.20
0.17
0.13
0.13
0.10
0.10
0.01
0.10
0.10
0.17
0.22
0.15
0.13
0.14
0.13
0.06
0.06
0.08
0.11
0.11
0.08
0.08
0.18
0.11
0.06
0.13
0.10
0.08
0.11
0.15
0.06
0.08
0.18
0.07
0.17
0.11
0.20
0.13
0.06
0.18
0.11
0.06
0.11
0.25
0.10
0.15
0.18
0.14
0.17
0.07
0.15
0.10
0.20
0.11
0.11
0.15
0.13
0.13
0.13
0.21
0.14
0.10
0.14
0.08
0.07
0.11
0.15
0.21
0.15
0.07
0.13
0.10
0.08
0.29
0.17
0.11
0.17
0.17
0.06
0.08
0.15
0.20
0.10
0.08
0.10
0.07
0.15
0.15
0.17
0.17
0.20
0.14
0.13
0.08
0.10
0.11
0.07
0.11
0.20
0.10
0.18
0.08
0.14
0.08
0.11
0.18
0.11
0.11
0.08
0.07
0.17
0.07
0.10
0.14
0.08
0.07
0.14
0.08
0.07
0.08
0.17
0.10
0.11
0.13
0.11
0.11
0.17
0.11
0.10
0.11
0.10
0.11
0.17
0.17
0.07
0.14
0.10
0.14
0.07
0.18
0.08
0.07
0.15
0.07
0.10
0.21
0.14
0.10
0.15
0.10
0.17
0.13
0.11
0.10
0.17
0.13
0.17
0.15
0.17
0.08
0.11
0.18
0.20
0.08
0.18
0.11
0.08
0.13
0.14
0.11
0.13
0.10
0.10
0.15
0.08
0.18
0.14
0.07
0.06
0.18
0.14
0.04
0.11
0.21
0.10
0.13
0.17
0.10
0.08
0.11
0.15
0.14
0.15
0.08
0.14
0.11
0.11
0.08
0.20
0.14
0.13
0.11
0.11
0.11
0.10
0.08
0.17
0.13
0.11
0.11
0.07
0.10
0.17
