44.46
32.71
29.70
28.24
28.52
25.20
24.69
22.77
22.47
20.78
20.79
20.54
18.39
19.08
17.16
16.81
16.20
15.98
14.91
14.71
14.21
15.00
14.08
14.63
12.46
12.77
14.68
12.30
11.74
12.18
10.70
11.56
12.10
10.51
9.46
10.38
9.47
9.02
9.28
12.61
9.01
8.21
7.43
7.28
8.98
8.25
7.77
8.07
7.52
7.57
6.31
7.02
6.43
6.99
6.19
6.26
5.92
5.96
5.75
8.34
6.94
5.58
5.27
5.43
5.49
5.70
6.39
5.35
5.20
7.96
4.97
5.01
4.57
4.09
4.75
4.43
4.76
4.17
4.17
3.88
4.42
3.56
4.02
4.70
3.80
4.17
3.91
4.13
3.45
3.32
3.23
2.97
4.35
3.41
3.32
4.32
3.44
2.85
2.78
2.60
2.62
3.17
2.23
2.78
2.54
2.63
2.48
2.39
2.65
2.86
2.45
2.70
2.51
2.38
2.23
2.27
2.37
2.56
2.35
2.56
3.17
3.39
2.53
2.51
2.06
1.78
1.77
2.83
4.13
1.89
1.76
1.84
1.82
1.65
1.46
1.81
1.73
1.64
2.16
1.66
2.43
2.33
1.67
1.74
1.64
1.73
1.54
1.64
2.08
1.82
1.36
1.37
1.36
1.38
1.38
1.74
1.44
1.39
1.46
2.56
1.58
1.29
2.34
1.55
1.29
1.25
1.58
1.38
1.42
1.08
1.67
1.94
1.51
1.10
1.24
1.11
1.14
1.07
1.03
1.11
1.29
1.22
1.33
1.07
1.01
1.25
0.94
1.33
1.28
0.81
0.99
0.98
1.80
1.07
1.30
1.20
1.13
1.20
1.23
0.99
1.24
1.94
1.03
0.76
1.02
1.08
0.85
0.92
1.01
1.02
1.08
0.74
1.19
1.20
1.11
1.06
0.87
0.74
0.76
0.74
1.01
0.90
0.82
1.54
2.27
1.08
0.61
0.70
0.97
0.99
1.14
0.93
0.72
0.85
0.69
0.82
0.68
0.55
0.72
2.06
3.16
1.06
0.81
0.72
0.70
0.66
0.72
0.79
0.63
0.58
0.76
0.50
0.71
0.76
0.68
0.62
0.63
0.60
0.62
0.75
0.48
0.59
0.52
0.59
0.72
0.59
0.55
0.57
0.70
0.72
1.03
0.87
0.51
0.74
0.94
0.50
0.47
0.66
0.55
0.46
0.66
0.50
0.59
0.59
0.61
0.59
0.70
0.51
0.50
0.44
0.59
0.52
0.38
0.46
0.44
0.54
0.48
0.45
0.49
0.65
0.76
0.59
0.45
0.55
0.68
0.52
0.54
0.50
0.50
0.48
0.54
0.59
0.54
0.43
0.47
0.50
0.51
0.48
0.45
0.43
0.50
0.57
0.36
0.32
0.37
0.38
0.41
0.39
0.33
0.38
0.33
0.40
0.71
0.50
0.50
0.45
0.41
0.50
0.55
0.41
0.43
0.34
0.46
0.38
0.33
0.59
0.33
0.45
0.29
0.37
0.37
0.43
0.34
0.78
0.52
0.42
0.62
0.55
0.33
0.31
0.52
0.62
0.65
0.40
1.94
0.53
0.41
0.31
0.46
0.40
0.41
0.39
0.44
0.50
0.40
0.41
0.39
0.39
0.57
0.36
0.46
0.36
0.40
0.68
0.36
0.36
0.37
0.43
0.35
0.38
0.38
0.37
0.42
0.54
0.38
0.35
0.40
0.33
0.41
0.53
0.32
0.35
0.35
0.30
0.33
0.37
0.33
0.27
0.29
0.28
0.35
0.20
0.25
0.35
0.30
0.27
0.26
0.39
0.28
0.27
0.30
0.37
0.33
0.28
0.24
0.28
0.24
0.32
0.33
0.37
0.41
0.61
0.68
0.49
0.42
0.28
0.42
0.33
0.32
0.30
0.80
0.30
0.50
0.33
0.36
0.24
0.25
0.21
0.21
0.36
0.29
0.31
0.25
0.25
0.30
0.32
0.42
0.22
0.22
0.37
0.30
0.36
0.43
0.29
0.33
0.36
0.20
0.28
0.20
0.24
0.24
0.21
0.27
0.24
0.26
0.30
0.49
0.27
0.24
0.66
0.39
0.24
0.25
0.31
0.28
0.31
0.27
0.22
0.33
0.30
0.21
0.27
0.19
0.20
0.28
0.44
0.33
0.28
0.24
0.33
