49.33
32.22
29.16
26.92
24.74
23.02
21.95
21.40
19.59
19.43
18.72
18.40
17.47
16.38
16.50
15.13
15.54
14.83
14.54
13.95
13.60
13.31
12.87
13.05
11.99
11.97
11.02
10.74
10.79
10.03
9.66
10.08
10.22
9.17
9.25
9.28
9.16
8.86
8.54
8.30
7.82
7.70
8.08
7.28
7.17
7.18
7.19
7.22
6.67
6.52
6.50
6.05
6.04
6.24
5.78
5.60
5.47
5.40
5.47
5.62
5.03
5.08
5.15
4.84
5.15
5.01
4.89
4.49
4.16
4.25
5.19
4.40
3.83
4.49
4.27
3.98
3.91
3.96
3.99
3.88
3.68
3.87
3.85
3.56
3.54
3.41
2.99
3.33
3.45
3.46
3.31
3.42
3.40
3.03
3.36
3.10
3.29
3.03
2.96
3.15
2.99
2.83
2.50
2.65
2.82
2.46
2.75
2.47
2.64
2.58
2.60
2.82
2.38
2.39
2.60
2.32
2.50
2.42
2.34
2.22
2.51
2.26
1.96
2.34
2.07
2.19
2.37
2.39
2.44
1.89
1.91
2.28
2.00
1.82
2.00
2.29
2.09
1.91
1.93
1.85
1.72
1.89
1.81
1.83
2.02
1.67
1.90
1.90
1.84
1.82
1.71
1.62
1.64
1.69
1.46
1.51
1.97
1.65
1.58
1.72
1.67
1.67
1.61
1.75
1.53
1.47
1.55
1.39
1.43
1.42
1.40
1.46
1.53
1.64
1.54
1.37
1.51
1.34
1.52
1.51
1.18
1.37
1.50
1.35
1.16
1.36
1.53
1.46
1.38
1.38
1.19
1.23
1.46
1.24
1.33
1.26
1.18
1.34
1.16
1.35
1.25
1.35
1.34
1.25
1.38
1.12
1.35
1.05
0.94
0.89
0.81
0.81
0.80
0.85
0.88
0.71
0.78
0.87
0.78
0.92
0.83
0.79
0.83
0.83
0.85
0.84
0.79
0.70
0.79
0.76
0.86
0.78
0.76
0.80
0.84
0.79
0.73
0.88
0.80
0.73
0.82
0.81
0.79
