63.94
53.52
50.39
47.96
44.05
42.09
39.59
37.58
35.42
33.29
32.59
31.47
30.24
28.96
28.81
28.44
26.77
25.56
25.09
24.71
23.57
22.20
21.85
21.22
21.29
20.17
19.46
20.24
17.45
18.27
17.78
17.20
16.60
17.07
15.51
15.68
13.85
15.61
14.65
14.75
14.01
14.58
12.99
13.20
12.35
12.40
12.45
11.19
12.26
11.37
10.32
10.16
11.33
10.64
9.75
10.46
9.22
9.59
9.49
8.97
9.34
8.59
9.13
8.51
8.19
7.86
7.66
7.72
7.78
7.42
7.91
7.41
7.47
7.38
6.50
7.26
6.87
6.62
6.76
6.54
6.55
6.75
6.29
6.34
5.68
5.91
5.92
5.79
6.44
5.36
5.81
5.43
5.52
4.99
5.32
6.35
4.87
4.31
4.57
4.73
4.90
3.69
3.53
3.31
3.68
3.57
3.66
3.44
3.43
3.57
3.56
3.35
3.42
3.34
3.37
3.11
3.44
3.52
3.31
3.34
3.46
3.42
3.39
3.44
3.35
3.15
3.44
3.27
3.44
3.16
3.39
3.14
3.27
3.30
3.21
3.23
3.07
3.11
3.15
3.23
3.36
3.29
3.27
3.32
3.12
3.19
3.09
3.18
3.31
3.30
3.14
3.16
3.30
3.24
3.11
3.22
3.07
3.08
3.14
3.13
3.23
3.16
2.99
3.29
3.10
2.83
3.04
2.98
3.14
3.17
3.12
3.12
2.99
3.19
2.94
3.02
2.84
3.02
2.93
3.30
2.95
3.08
3.15
3.01
3.14
2.93
2.88
2.98
2.95
2.91
3.10
3.04
2.99
3.07
3.01
3.02
3.14
2.84
2.99
2.90
2.89
2.83
2.99
2.72
2.88
2.85
2.87
2.69
3.06
2.86
2.85
2.96
2.92
2.84
2.87
2.87
2.95
2.79
2.85
2.88
2.91
2.75
2.92
2.77
2.84
2.71
2.71
2.91
2.72
2.91
2.82
3.02
2.82
2.77
2.62
2.61
2.74
2.72
2.81
2.75
2.85
2.63
2.88
2.93
2.82
2.76
2.86
2.64
2.83
2.91
2.84
2.72
2.74
2.96
2.77
2.78
2.84
2.71
2.73
2.87
2.76
2.69
2.81
2.95
2.92
2.63
2.84
2.85
2.79
2.80
2.76
2.69
2.93
2.84
2.76
2.99
2.72
3.05
2.71
2.81
2.90
2.64
2.56
2.77
2.75
2.76
2.79
2.70
2.85
2.94
2.54
2.65
2.60
2.71
2.74
2.74
2.80
2.68
2.87
2.78
2.84
2.75
2.62
2.78
2.67
2.58
2.68
2.85
2.84
2.60
2.70
2.77
2.82
2.70
2.67
2.81
2.77
2.77
3.04
2.76
2.92
2.67
2.81
2.80
2.79
2.81
2.65
3.01
2.79
2.71
2.79
2.82
2.72
2.91
2.67
2.64
2.85
2.85
2.74
2.99
2.84
2.76
2.74
2.81
2.71
2.79
2.68
2.79
2.63
2.73
3.01
2.58
2.70
2.53
2.76
2.78
2.74
2.88
2.94
2.89
2.85
2.74
2.69
2.71
2.79
2.91
2.60
2.69
3.01
2.89
2.83
2.73
2.78
2.68
2.65
2.87
2.71
2.76
2.64
2.64
2.69
2.77
2.87
2.72
3.04
2.75
