51.41
41.80
34.30
28.67
25.16
27.81
24.22
22.58
21.95
20.16
17.97
20.23
18.05
17.03
17.89
17.73
17.19
16.88
13.59
16.02
15.16
15.08
15.78
15.39
17.27
15.62
19.30
18.05
16.88
14.77
13.44
12.58
13.98
16.41
16.17
11.95
13.59
11.88
11.95
14.22
11.48
12.58
12.42
11.95
11.02
10.55
11.41
11.33
10.39
10.00
11.72
13.83
14.30
11.72
12.03
11.17
11.33
11.88
10.16
10.47
9.14
9.45
10.00
9.30
8.44
10.31
9.53
9.61
9.92
10.16
10.62
11.25
11.33
11.80
9.69
9.61
8.67
8.59
8.67
9.14
7.81
8.28
8.12
8.52
8.44
8.36
10.55
9.84
8.28
8.44
7.66
8.91
8.36
7.66
7.58
7.58
6.80
7.81
6.64
7.19
7.58
4.92
7.81
6.48
6.33
6.64
7.27
6.02
8.36
6.33
6.72
6.80
6.72
7.27
5.78
6.56
6.41
6.09
7.27
6.17
7.58
6.17
7.27
6.41
8.98
7.97
6.41
6.48
8.59
6.72
6.09
6.48
7.03
6.17
6.95
7.50
6.64
7.11
6.09
7.34
5.47
5.23
5.70
4.77
4.45
4.30
5.08
5.55
4.61
5.62
4.30
5.62
5.00
5.31
5.78
5.86
6.33
6.33
7.19
5.62
4.61
6.17
5.55
6.33
5.55
7.50
4.84
4.77
5.47
4.61
4.14
5.70
5.31
4.84
4.61
3.98
4.45
4.61
3.91
4.61
5.55
5.31
5.70
2.89
5.23
5.86
5.62
4.84
5.31
4.45
4.14
4.77
4.92
4.30
4.45
4.38
3.75
4.53
4.53
4.69
3.98
3.91
4.69
3.67
5.94
7.58
5.47
5.23
5.39
7.42
5.16
4.69
3.67
4.38
4.22
3.98
3.44
3.05
2.97
4.30
3.52
3.67
3.12
3.91
3.59
3.28
3.75
4.14
4.06
4.22
3.28
4.53
4.30
3.28
3.52
4.22
4.14
3.20
3.36
3.91
4.53
4.30
4.22
3.52
3.12
4.92
3.52
4.30
4.30
4.38
2.73
3.28
3.91
5.23
3.44
3.52
3.67
4.30
5.94
3.91
2.66
4.06
3.28
3.83
3.12
2.97
2.73
3.36
3.44
2.34
4.61
3.44
2.81
2.66
3.20
2.66
2.97
2.42
3.52
3.12
3.44
3.05
2.50
3.20
3.05
4.22
3.12
3.28
3.05
3.20
3.52
4.30
3.36
3.83
3.12
3.12
4.14
3.67
3.36
3.12
2.81
2.34
2.89
2.50
3.20
2.66
2.11
2.97
2.58
2.50
2.97
2.42
2.89
1.80
2.11
2.81
2.73
2.66
2.89
2.50
2.34
3.05
3.59
3.44
2.73
3.12
2.73
2.50
2.50
3.05
2.58
3.05
2.42
2.58
2.42
3.28
2.58
2.34
1.95
2.58
2.58
3.12
2.81
2.73
2.03
3.28
3.12
2.66
2.42
2.66
2.03
2.11
2.42
3.12
2.50
2.81
1.88
2.73
2.66
2.03
2.66
3.67
2.73
2.89
2.89
2.58
2.50
2.81
3.83
2.97
3.05
2.89
2.73
3.05
2.81
2.27
2.97
2.42
2.19
2.03
1.95
2.34
2.89
2.34
2.50
2.27
1.80
2.89
3.28
2.50
1.95
2.11
2.66
2.27
2.27
2.42
2.58
2.03
2.50
2.19
2.89
2.50
2.66
2.50
1.72
2.58
1.48
3.05
2.89
2.50
2.81
2.34
2.11
2.42
2.50
2.97
3.83
2.42
1.72
2.19
2.19
1.88
1.64
1.95
1.41
1.33
3.44
4.30
2.42
1.95
2.58
2.27
2.97
2.58
2.27
2.11
1.64
2.66
2.81
2.73
3.28
2.34
2.66
2.27
2.27
2.03
3.36
2.42
1.48
1.88
2.19
1.72
2.19
2.03
1.72
2.34
2.89
2.73
2.11
2.50
2.03
1.95
1.64
1.33
2.11
2.19
1.56
2.19
1.41
1.72
2.11
1.72
1.88
2.19
1.56
1.25
1.88
2.03
2.27
1.80
1.80
1.56
2.34
1.80
2.27
1.72
1.80
1.56
1.48
1.48
1.72
1.80
2.81
2.50
1.80
1.48
1.80
1.72
1.88
0.94
1.64
1.48
1.72
1.33
1.33
1.88
1.80
1.41
1.64
1.25
0.94
1.41
1.48
1.17
1.25
1.48
1.56
1.41
1.41
1.25
1.33
1.25
1.17
1.25
2.19
1.88
2.42
1.41
1.41
2.11
1.41
1.33
1.33
1.25
1.25
2.11
1.95
1.02
1.80
1.72
1.72
0.78
1.64
1.48
1.41
1.41
1.17
1.95
1.48
1.02
1.25
1.56
1.64
1.56
2.19
1.80
1.56
1.33
1.56
1.56
1.48
1.88
1.09
1.72
1.56
1.09
1.48
1.41
1.48
2.03
1.80
1.33
1.33
1.64
1.72
1.64
1.09
1.41
1.41
1.64
1.33
1.41
1.64
1.17
1.17
1.25
1.33
1.48
1.48
1.25
1.56
1.48
1.17
1.02
1.33
1.41
1.41
0.94
1.25
1.41
1.48
1.25
1.41
1.48
1.33
1.80
1.41
1.72
1.41
1.56
1.48
1.64
1.41
1.33
1.72
1.25
1.56
1.33
1.17
1.72
1.41
1.64
1.56
1.80
1.17
1.80
1.17
1.17
1.25
1.33
1.64
1.33
1.33
1.33
1.88
1.48
1.09
1.41
1.72
1.25
1.41
1.25
1.25
1.48
1.56
1.09
1.64
1.41
1.48
1.56
2.03
1.09
1.41
2.19
1.41
1.09
1.33
1.56
1.33
1.33
1.48
1.48
1.25
1.48
1.72
1.41
1.56
1.09
1.95
0.94
1.41
1.25
1.88
1.25
1.25
1.25
1.72
1.41
1.09
1.88
1.25
1.09
1.17
1.33
1.33
2.34
1.56
1.33
1.33
1.09
0.62
1.48
1.25
1.64
1.25
1.41
1.33
1.33
1.56
1.33
1.33
1.02
0.70
1.02
1.64
1.48
1.25
1.33
1.56
2.03
1.72
1.48
1.09
1.48
1.72
1.56
1.33
1.17
1.64
0.94
1.17
0.78
1.48
1.80
1.17
1.48
1.02
1.25
1.80
1.48
1.09
1.25
1.02
1.33
1.41
1.56
1.56
1.48
1.56
1.25
1.25
1.48
1.33
1.33
1.80
1.48
1.25
0.94
0.94
1.41
1.09
1.09
1.88
1.88
2.19
1.17
1.48
1.80
1.33
1.02
1.02
1.72
1.72
1.02
1.41
1.41
1.17
1.95
1.17
1.48
1.25
1.09
1.48
1.33
1.09
1.17
1.64
0.94
1.17
1.56
1.48
1.48
0.94
2.03
1.33
1.48
1.17
1.02
1.02
0.86
1.25
1.72
1.41
1.33
1.33
1.25
1.72
0.78
1.41
1.33
1.41
1.41
1.33
1.48
1.09
1.64
0.94
2.03
1.88
1.02
1.41
1.25
1.64
1.33
1.09
1.09
1.64
1.72
1.09
1.17
1.80
1.41
0.86
1.33
1.02
1.88
1.41
1.33
1.25
1.17
1.41
1.64
0.55
2.03
1.25
1.33
1.17
1.48
1.17
1.56
1.02
1.41
1.72
1.41
1.25
1.09
1.33
1.17
1.33
1.33
1.64
1.25
0.94
1.33
1.48
0.94
1.48
0.86
0.86
1.17
0.86
1.56
1.17
1.33
1.95
1.41
0.94
1.33
1.25
0.78
1.17
1.64
1.17
1.56
1.17
2.11
1.64
1.09
1.09
0.94
1.80
1.09
1.72
1.56
1.80
1.56
1.64
1.72
0.94
1.41
1.48
1.41
1.17
1.48
1.48
1.02
1.09
1.25
1.09
1.56
1.25
1.72
1.33
1.17
0.78
1.33
1.56
1.72
0.94
1.17
1.56
0.55
1.02
1.80
1.25
1.41
1.41
1.64
1.17
0.94
1.41
1.41
1.56
1.88
1.25
1.17
1.17
2.03
1.56
1.48
1.33
1.09
1.02
1.56
1.09
1.25
1.33
0.70
0.86
1.33
1.02
1.95
0.94
1.48
1.41
1.48
0.86
1.48
1.33
1.17
1.48
1.25
1.09
1.41
0.86
1.09
1.41
1.48
1.33
1.64
1.48
1.09
1.80
1.64
1.33
1.02
2.11
1.09
1.09
1.88
1.25
1.25
1.48
1.17
1.25
1.41
0.94
1.25
1.33
0.94
1.48
1.09
0.86
1.72
1.02
1.33
1.09
1.41
1.88
0.62
1.33
1.17
0.94
1.41
0.86
0.94
1.17
1.33
1.09
0.94
1.33
1.56
1.17
1.80
1.64
1.88
1.56
2.03
1.88
1.41
1.33
1.33
0.94
1.02
1.56
1.33
1.41
1.17
1.02
1.48
1.33
1.41
0.94
1.09
1.33
1.41
1.09
1.64
1.02
1.41
1.17
1.02
1.56
1.25
1.64
1.56
1.09
0.78
1.33
1.17
1.88
1.33
1.64
1.41
0.86
1.17
1.02
1.64
1.33
1.56
1.72
1.25
1.17
0.78
1.33
1.72
1.33
1.48
0.94
1.09
0.70
1.17
0.86
1.09
1.41
1.41
0.70
1.17
1.09
1.17
1.41
1.48
1.25
1.02
1.17
1.41
1.48
1.33
1.33
1.25
1.02
1.41
1.02
1.48
1.72
1.33
1.80
1.25
1.33
0.78
0.78
1.48
0.86
1.33
1.02
1.25
1.09
1.02
1.17
0.94
1.33
1.25
1.48
1.72
1.25
1.33
1.33
1.72
1.09
1.09
0.86
1.17
1.80
1.09
1.80
1.33
1.33
1.56
1.02
0.55
1.25
0.94
1.33
1.48
1.17
1.33
1.09
0.94
1.56
1.09
0.94
1.02
1.72
1.41
1.25
1.33
1.48
0.70
0.86
1.09
1.33
1.25
1.09
1.09
1.17
1.09
1.25
1.25
0.78
1.80
0.78
1.41
1.09
1.09
1.17
0.94
1.41
1.64
1.41
1.72
1.09
1.48
1.80
1.88
1.02
1.17
0.94
1.64
1.48
1.17
0.86
1.56
1.09
0.70
1.64
1.17
1.95
1.02
1.25
1.33
1.33
1.17
0.94
1.25
1.17
1.56
1.33
1.09
1.48
1.17
1.72
1.25
1.56
1.41
1.09
0.62
1.33
1.88
1.48
0.62
1.48
1.64
1.02
1.41
0.94
1.72
1.33
1.25
1.64
1.48
1.25
1.25
1.33
0.86
0.86
1.17
0.86
1.33
1.09
1.02
1.41
1.25
1.41
1.41
0.78
0.62
1.02
0.78
0.94
1.41
1.95
0.78
1.02
1.09
1.17
1.48
1.17
1.56
1.02
1.33
0.86
1.80
1.02
1.41
1.41
1.33
1.09
1.64
1.41
1.09
1.17
1.25
1.33
1.33
1.41
1.41
1.17
1.25
1.09
1.02
1.80
1.33
1.56
1.09
1.88
1.02
1.64
1.33
1.41
1.09
1.09
1.33
1.09
1.88
1.17
1.02
1.41
1.02
0.78
1.17
1.09
1.17
1.17
2.19
0.94
0.86
1.48
1.17
0.86
1.25
0.94
1.41
2.11
1.02
0.94
0.86
1.33
0.70
1.17
1.25
1.56
1.17
1.64
0.94
1.17
1.64
0.94
1.72
1.25
0.94
1.41
1.48
1.25
1.48
2.03
1.41
1.33
1.33
0.94
1.88
1.56
1.33
1.25
0.70
0.70
1.02
1.80
1.25
1.09
1.02
0.86
1.56
0.70
1.09
2.27
1.88
1.41
0.94
1.09
0.94
1.33
1.41
1.41
1.17
1.33
0.94
1.25
0.86
1.17
1.48
1.41
1.33
1.33
1.33
1.48
1.09
0.86
1.48
1.17
0.86
1.48
1.88
1.02
1.33
1.56
1.25
0.86
1.48
1.25
1.48
1.09
1.33
1.25
1.09
1.25
1.88
1.33
1.33
1.41
1.02
1.72
1.02
1.17
1.33
1.56
1.33
1.25
1.25
1.64
1.33
0.86
1.17
1.09
1.48
1.56
1.17
1.17
1.48
1.64
1.33
1.17
1.33
1.56
0.94
1.33
1.48
1.17
1.09
1.48
0.31
0.86
1.25
0.86
1.33
1.17
1.48
1.02
0.94
1.56
1.17
1.09
1.72
1.56
1.17
1.17
1.48
1.17
1.02
1.48
1.41
1.41
1.41
1.56
1.17
1.41
1.02
0.94
1.64
0.94
0.78
0.94
1.95
0.86
1.09
1.25
1.56
1.09
1.09
1.33
0.78
1.25
1.64
1.95
1.56
1.41
1.17
1.02
1.09
1.64
1.17
1.25
1.95
1.64
1.41
1.48
1.17
1.17
0.78
1.25
1.64
1.25
1.56
0.94
1.25
1.02
1.72
1.48
1.64
1.09
1.25
1.56
0.86
0.94
1.56
1.88
1.02
1.48
1.33
1.33
1.80
1.48
1.80
1.88
1.02
1.25
0.94
1.09
1.41
1.25
1.33
1.02
