36.86
20.11
17.26
15.83
13.83
14.26
13.01
12.03
11.48
12.12
10.30
10.00
10.18
9.17
8.95
8.78
8.33
9.29
7.90
7.21
7.13
6.65
6.56
6.39
7.33
6.50
6.21
7.08
6.38
5.80
5.93
6.23
5.47
5.76
5.60
4.84
5.10
5.42
4.79
5.04
4.94
5.16
4.91
4.89
4.39
4.43
4.76
4.50
3.98
5.46
3.99
4.15
4.91
4.82
3.84
3.68
4.14
3.98
3.82
3.75
3.76
3.92
3.24
3.48
3.34
3.52
2.62
3.66
3.37
3.02
3.15
2.92
3.85
3.15
3.55
3.07
3.52
2.88
2.94
3.21
3.04
3.22
3.74
3.07
2.26
2.47
2.68
2.65
2.33
2.24
2.47
2.59
2.51
2.91
2.57
2.47
3.65
2.47
2.65
2.01
2.13
2.02
2.06
2.14
2.13
2.06
1.83
2.00
1.87
1.70
1.99
3.80
2.15
2.19
1.78
1.73
1.75
2.05
2.25
2.81
2.04
1.94
1.72
1.78
1.70
1.98
1.94
1.66
1.93
2.06
2.54
2.69
1.96
2.20
1.94
1.69
1.82
1.43
1.62
1.73
1.56
1.53
1.98
1.44
1.21
1.55
1.44
1.42
1.24
1.49
1.44
1.48
1.47
1.92
1.42
1.29
1.17
1.38
1.89
1.92
1.75
1.43
1.55
1.33
1.52
1.73
1.47
1.34
1.35
1.42
1.17
1.17
1.23
1.59
1.40
1.16
1.33
1.30
1.16
1.49
1.53
1.10
1.82
1.67
1.31
1.02
1.29
1.48
1.18
1.12
1.12
1.16
1.15
1.37
1.20
1.07
1.25
0.98
1.05
1.03
0.96
1.02
1.07
1.02
1.62
1.33
0.97
1.35
1.18
1.01
0.90
0.95
0.95
0.92
0.84
1.14
1.28
0.80
0.92
1.08
0.90
0.96
0.85
1.05
1.05
1.09
0.94
0.98
0.99
0.86
0.78
1.61
1.24
1.03
0.96
0.86
1.04
0.94
0.84
1.22
1.87
1.18
0.77
1.07
0.97
0.92
0.90
0.85
0.83
0.77
0.83
0.78
0.98
1.17
0.77
0.65
0.86
0.85
0.70
0.75
0.83
0.84
1.09
0.84
0.91
0.70
0.86
4.90
4.37
1.31
1.05
1.10
0.84
0.85
0.75
0.78
0.79
0.78
0.78
0.76
0.62
0.73
0.73
1.11
0.69
0.80
0.63
0.66
0.62
0.67
0.78
0.70
0.64
0.76
0.73
0.78
0.56
0.73
0.69
0.71
0.75
0.67
0.65
0.64
0.78
0.60
0.65
0.99
0.77
0.80
0.60
0.53
0.56
0.59
0.70
0.82
0.65
0.67
0.65
0.78
0.64
0.56
0.51
0.67
0.76
0.66
0.69
0.64
0.80
0.58
0.57
0.72
0.52
0.53
0.54
0.89
0.78
0.70
0.67
0.71
0.70
0.53
0.51
0.54
0.46
0.67
0.67
0.50
0.58
0.70
0.56
0.58
0.86
0.64
0.66
0.59
0.57
0.45
0.59
0.39
0.47
0.47
0.56
0.60
0.54
0.47
0.44
0.51
0.56
0.38
0.47
0.58
0.60
0.52
0.94
0.65
0.44
0.62
0.43
0.58
0.56
0.43
1.53
0.86
0.82
0.85
0.60
0.45
0.59
0.50
0.50
0.69
0.71
0.65
0.49
0.56
0.49
0.63
0.62
0.39
0.51
0.51
0.59
0.52
0.44
0.49
0.60
0.43
0.45
0.40
0.43
0.54
0.97
0.75
0.49
0.31
0.54
0.38
0.47
0.49
0.36
0.58
0.51
0.51
0.32
0.38
0.49
0.41
0.39
0.38
0.44
0.59
0.54
0.51
0.40
0.44
0.39
0.46
0.41
0.44
0.41
0.46
0.38
0.52
0.44
0.39
0.36
0.52
0.32
0.52
0.45
0.40
0.41
0.47
0.37
0.40
0.49
0.41
0.41
0.32
0.34
0.34
0.44
0.43
0.39
0.36
0.41
0.44
0.46
0.44
0.37
0.32
0.30
0.38
0.53
0.31
0.80
0.40
0.32
0.46
0.30
0.30
0.27
0.36
0.27
0.47
0.41
7.04
4.31
1.21
0.88
0.58
0.58
0.62
0.50
0.56
0.44
0.31
0.39
0.41
