52.34
45.47
44.45
43.44
37.11
27.42
26.09
24.38
27.27
26.95
25.23
22.03
23.28
20.86
17.58
19.30
19.22
19.92
19.45
18.59
16.64
16.02
17.27
13.59
15.16
14.69
13.59
16.02
14.45
12.50
11.33
13.75
12.58
13.28
11.88
13.20
10.62
11.80
12.73
10.31
12.42
11.33
10.55
11.02
11.41
11.64
10.55
11.25
9.30
10.39
11.64
10.23
12.11
10.00
9.38
9.06
9.77
11.17
9.14
9.14
8.83
9.92
9.06
9.45
10.62
10.62
10.00
7.81
9.84
8.91
10.00
7.66
9.30
9.38
9.06
7.19
6.88
6.95
8.12
7.66
7.58
8.05
8.83
9.22
8.05
8.20
7.34
6.95
6.95
7.58
6.95
7.19
6.48
5.94
7.11
7.34
7.27
6.64
7.66
7.58
6.95
6.88
6.25
7.97
6.95
6.95
6.17
5.23
4.61
6.25
5.39
6.25
7.11
6.88
6.72
6.17
6.95
6.02
6.48
7.19
5.78
6.56
5.86
4.77
5.78
5.23
5.00
7.66
6.88
6.72
7.97
7.73
6.25
5.31
5.70
5.55
5.23
5.47
5.94
5.39
4.92
5.62
5.39
6.02
6.17
5.62
5.00
5.62
4.06
4.22
5.23
4.69
6.02
4.92
4.84
5.47
4.38
5.31
4.30
4.06
3.98
4.06
4.53
4.38
5.47
5.00
3.67
4.38
4.06
4.61
5.23
4.77
4.14
4.77
4.06
4.61
3.83
4.22
4.84
4.14
3.91
4.61
4.84
4.38
5.55
4.69
4.92
4.06
3.83
3.59
5.16
4.45
3.36
3.44
5.00
4.30
4.77
4.06
4.45
4.38
4.38
3.67
3.20
4.22
4.61
5.23
4.92
5.00
4.22
4.38
3.59
3.98
3.12
3.12
3.52
4.30
3.52
3.75
2.42
3.59
3.52
3.98
4.61
5.08
2.81
3.52
3.05
3.12
3.52
3.75
3.67
4.69
3.59
3.52
4.30
3.12
3.36
3.12
3.05
3.75
3.44
4.69
4.77
4.06
3.83
4.77
2.73
3.67
3.52
4.14
3.67
2.89
2.89
3.98
3.75
2.81
3.28
3.20
3.12
3.05
2.50
2.81
2.66
2.81
3.20
2.66
2.81
2.73
3.28
2.73
3.05
3.36
2.58
3.12
3.12
3.52
3.91
2.97
2.97
3.83
3.05
3.05
3.20
2.66
2.81
2.73
3.44
3.91
2.34
3.12
3.20
3.75
2.50
3.05
3.12
2.27
2.73
2.73
3.05
2.27
1.80
2.73
2.27
1.72
3.28
2.97
2.34
3.12
3.05
2.81
3.05
2.89
3.05
2.97
1.95
2.42
2.50
3.44
2.19
2.50
4.06
3.75
4.45
3.67
3.12
3.05
2.19
1.64
2.97
4.45
2.97
4.38
3.67
1.95
3.05
2.27
2.73
2.66
3.75
3.28
1.95
2.50
2.34
2.42
2.58
1.33
2.27
2.81
2.81
2.58
2.42
3.36
2.03
2.34
2.11
2.03
3.12
2.89
2.27
2.42
2.42
2.81
2.73
2.19
2.34
2.11
1.33
2.19
1.64
1.64
3.05
3.75
2.42
2.19
2.27
2.42
2.66
2.34
2.03
1.64
2.03
1.56
1.80
2.73
3.91
1.56
1.41
2.50
2.50
2.73
2.34
2.03
2.19
2.89
2.34
2.27
1.48
1.33
2.50
1.80
2.19
1.56
1.88
1.80
1.80
2.27
2.03
1.33
2.34
2.11
1.80
1.95
2.19
2.50
2.03
1.80
2.50
2.42
2.03
1.72
1.88
1.80
2.11
1.64
2.27
3.67
3.36
2.89
2.97
3.67
2.42
2.97
2.66
2.66
3.05
1.80
1.88
2.19
1.48
2.03
2.11
2.03
2.27
2.58
1.95
2.03
1.17
2.03
2.89
1.72
1.41
2.19
1.17
2.19
2.19
2.11
2.58
2.27
1.95
1.64
1.02
1.88
1.56
1.56
1.41
1.17
1.72
1.72
1.95
2.11
2.42
2.34
1.80
1.64
1.95
1.72
1.95
2.19
1.72
1.95
1.80
1.80
1.64
1.56
1.56
1.25
1.56
1.33
1.56
1.88
1.72
1.72
1.56
1.88
2.19
2.34
1.95
2.27
2.03
1.95
2.89
3.05
1.80
1.25
1.95
2.03
1.33
1.56
1.09
1.41
1.88
2.03
1.41
1.88
1.72
1.48
2.27
1.56
1.72
1.25
1.33
1.48
1.64
1.88
1.72
1.48
1.33
1.25
1.25
1.88
0.94
1.80
2.11
1.25
1.02
1.17
1.09
1.33
2.34
1.25
1.41
1.33
1.25
2.03
1.02
1.25
1.25
1.88
1.09
1.25
1.80
1.02
1.95
1.25
1.17
1.88
1.33
1.72
1.80
1.56
1.33
1.41
2.11
1.48
1.72
0.78
1.48
1.33
0.78
1.64
1.48
1.17
1.56
1.17
1.09
1.56
1.33
1.33
1.56
1.56
1.88
1.72
1.48
2.19
1.33
1.48
1.56
1.56
1.25
1.48
1.17
1.02
1.02
1.33
1.41
1.41
1.25
1.09
1.72
0.78
1.33
1.64
1.25
1.88
1.17
1.80
1.02
1.80
0.94
1.88
1.48
1.33
2.03
1.41
0.86
1.25
1.33
1.17
1.72
1.25
0.94
1.41
1.17
1.17
1.41
1.48
1.25
0.70
1.48
1.41
1.33
1.48
1.48
1.17
1.64
2.03
1.17
0.78
1.41
1.41
1.17
1.25
1.64
2.27
1.56
1.09
1.80
1.25
1.09
1.80
1.48
1.09
1.25
1.33
1.56
1.17
1.41
1.48
1.09
1.48
1.33
1.64
1.25
1.41
1.09
1.33
1.48
1.95
1.09
0.70
1.64
1.80
1.25
1.41
1.64
1.72
1.64
1.48
1.25
1.64
0.62
1.41
1.09
1.17
1.56
1.80
1.48
0.70
1.33
1.17
0.94
1.17
1.33
1.09
1.41
1.33
1.09
1.64
1.88
0.94
1.72
1.41
1.02
1.88
1.56
1.72
1.17
1.33
1.56
1.02
0.86
1.25
1.09
1.17
1.09
1.33
1.48
1.41
1.17
1.72
1.41
1.25
1.09
0.94
1.17
1.33
0.94
1.17
1.33
1.17
1.09
1.17
1.64
0.47
1.25
1.48
1.56
1.48
1.33
1.33
1.41
1.17
1.72
1.48
1.09
1.02
0.94
1.56
1.64
0.86
1.25
1.41
1.09
1.95
1.48
1.09
1.25
1.25
1.25
1.56
1.48
1.17
1.25
1.64
1.41
1.48
0.62
1.41
1.25
1.25
1.72
0.94
1.80
1.17
1.64
1.17
0.62
1.33
1.64
1.17
1.09
1.25
1.72
1.25
2.11
1.33
1.25
1.33
1.17
1.17
1.17
1.02
1.17
1.17
0.86
1.41
1.48
1.72
1.25
1.02
1.80
1.56
0.86
0.94
0.78
0.55
1.48
0.86
1.17
1.02
1.25
1.25
1.25
0.94
1.09
1.56
1.33
1.09
1.72
1.48
1.33
1.48
0.94
1.25
1.25
1.25
1.72
1.80
1.25
1.02
1.41
1.48
1.48
1.17
1.17
1.88
1.41
1.02
1.25
1.33
0.86
1.09
1.48
1.17
1.33
1.41
1.25
1.48
1.17
1.41
1.41
1.33
1.56
1.88
1.33
1.48
1.41
1.25
1.64
0.70
1.33
1.72
1.25
1.56
0.94
1.25
1.64
1.56
1.09
1.41
1.41
1.48
1.33
1.09
1.64
0.94
0.94
1.41
0.78
1.09
1.48
1.48
0.94
1.80
0.94
1.25
1.25
1.17
1.02
1.33
1.48
0.86
1.56
1.25
1.09
0.94
1.09
1.80
1.33
0.94
1.25
1.25
1.09
0.78
1.33
1.09
1.41
1.02
1.33
1.25
1.25
0.86
0.94
1.33
1.09
1.48
1.33
0.86
1.56
0.86
1.09
1.48
0.94
1.41
1.64
1.17
1.02
1.56
1.64
1.41
1.09
1.02
1.09
0.78
1.41
1.33
1.56
1.56
1.09
1.02
1.48
1.25
1.17
1.17
0.94
1.17
1.17
0.94
1.02
1.64
1.41
1.25
1.33
1.80
1.17
1.09
1.25
1.02
1.48
1.09
1.25
1.56
0.86
1.25
1.33
1.25
0.78
1.02
1.33
1.25
1.41
1.02
0.94
0.94
1.48
1.48
1.48
1.17
1.17
0.94
1.09
1.48
0.94
1.09
1.17
1.25
1.17
1.41
1.64
1.41
1.09
1.25
1.09
1.25
1.17
1.72
1.41
1.17
1.17
1.17
1.80
1.33
1.25
1.09
1.09
1.48
1.72
1.09
1.48
1.25
1.09
1.25
1.09
1.64
1.48
1.33
1.80
1.33
1.41
1.56
1.17
1.41
1.64
1.48
1.02
0.55
0.55
1.48
0.94
1.17
1.48
1.09
1.02
0.86
1.56
1.02
1.56
1.41
0.86
1.09
1.09
1.33
0.70
1.25
0.94
1.09
1.02
1.25
1.17
1.56
1.48
0.86
1.25
1.09
0.86
1.33
1.25
1.09
1.64
1.33
1.17
1.72
1.02
1.41
1.25
0.94
1.09
1.25
0.86
1.25
0.86
1.41
1.56
1.41
1.17
1.41
1.72
1.09
1.17
1.80
1.33
1.48
1.09
1.56
1.17
1.17
1.02
1.02
1.17
1.17
1.02
1.95
1.25
1.64
1.02
2.03
1.33
1.17
1.41
1.48
1.41
0.78
1.25
0.86
1.25
1.25
0.78
1.56
0.86
1.25
0.62
0.78
1.33
1.56
1.48
1.41
1.02
1.25
1.09
1.48
1.64
1.41
1.02
1.17
0.78
1.17
1.17
1.09
1.33
1.25
1.72
1.48
1.02
1.02
1.80
1.09
1.17
1.41
1.09
1.02
1.48
1.33
0.86
1.33
1.25
1.02
1.56
1.09
1.17
0.86
1.25
1.72
0.62
1.33
0.94
1.09
1.41
1.33
1.33
1.09
1.25
1.41
0.94
1.17
1.02
1.09
0.94
1.56
1.09
1.33
0.86
1.33
0.94
1.56
1.33
1.88
1.33
1.64
1.33
1.09
1.25
0.70
1.17
1.25
1.56
1.02
1.17
1.33
1.02
1.17
1.33
0.94
1.64
1.48
1.41
1.41
1.17
1.48
0.70
1.17
1.17
1.02
1.09
0.94
1.09
0.94
1.09
1.48
1.09
1.02
1.64
1.48
1.25
0.86
0.94
1.33
1.02
1.25
1.72
1.41
1.17
0.86
1.48
1.80
1.25
0.86
1.41
1.25
1.33
1.09
0.94
1.17
1.17
1.09
0.86
1.80
1.48
0.86
1.17
1.09
1.09
1.41
0.78
0.94
1.09
1.25
0.94
1.25
0.70
1.09
1.02
1.33
1.41
1.17
1.48
1.56
1.56
1.48
0.94
1.25
1.33
1.17
1.25
1.17
1.25
1.02
1.25
1.48
1.09
0.94
1.72
1.72
1.33
1.56
1.09
0.86
1.17
0.62
1.17
1.25
1.95
1.02
1.88
1.64
1.41
1.17
1.33
1.17
1.41
1.80
1.17
1.25
1.56
1.09
0.70
1.25
1.17
0.70
1.80
1.25
1.02
1.09
1.02
1.17
1.25
1.41
0.86
1.72
1.33
1.33
0.94
1.41
1.41
1.17
1.09
1.64
1.33
0.78
1.33
1.02
1.48
0.78
1.88
1.41
1.56
1.41
1.25
0.94
1.72
1.41
1.33
0.55
1.48
1.17
1.09
1.41
1.25
1.33
0.94
0.94
1.25
1.02
1.33
0.94
1.02
1.41
1.72
1.72
1.56
1.25
1.33
1.41
1.33
1.02
1.25
1.33
1.64
1.41
0.70
1.41
1.02
1.02
1.17
1.33
0.62
1.41
1.33
1.64
1.25
0.86
1.41
1.17
1.02
1.25
1.80
0.86
1.41
1.09
1.09
1.41
1.17
1.48
1.33
1.02
0.86
1.02
1.25
1.17
1.41
1.48
1.09
1.48
0.94
1.41
1.48
0.94
1.41
1.41
1.56
1.64
1.48
1.56
1.80
1.33
1.41
1.41
1.09
1.25
1.17
1.17
1.09
1.64
1.25
1.33
1.09
1.02
1.17
1.64
1.41
1.02
1.25
1.02
1.72
1.48
0.86
1.72
0.70
1.64
0.94
1.80
1.64
1.02
1.17
1.17
1.25
1.17
1.25
1.56
1.25
1.41
1.09
1.56
1.41
1.95
0.78
1.17
0.70
1.25
0.86
1.17
1.09
1.25
1.56
1.72
1.64
1.25
1.02
1.33
0.78
1.33
1.02
1.56
1.17
1.33
1.17
1.41
0.94
1.09
1.33
1.95
1.33
1.80
1.48
0.86
0.62
1.41
1.25
1.09
1.02
0.86
1.80
1.02
1.33
1.48
0.94
1.72
0.86
1.25
1.33
0.94
1.25
1.48
1.25
1.48
1.09
1.72
1.33
1.17
1.25
1.17
